[2024-11-20 11:58:10,154][jax._src.xla_bridge][INFO] - Unable to initialize backend 'rocm': module 'jaxlib.xla_extension' has no attribute 'GpuAllocatorConfig'
[2024-11-20 11:58:10,156][jax._src.xla_bridge][INFO] - Unable to initialize backend 'tpu': INTERNAL: Failed to open libtpu.so: libtpu.so: cannot open shared object file: No such file or directory
[2024-11-20 12:01:02,294][absl][INFO] - Saving checkpoint at step: 2250
[2024-11-20 12:01:02,302][absl][INFO] - Using Orbax as backend to save Flax checkpoints. For potential troubleshooting see: https://flax.readthedocs.io/en/latest/guides/training_techniques/use_checkpointing.html#orbax-as-backend-troubleshooting
[2024-11-20 12:01:02,305][absl][WARNING] - SaveArgs.aggregate is deprecated, please use custom TypeHandler (https://orbax.readthedocs.io/en/latest/custom_handlers.html#typehandler) or contact Orbax team to migrate before August 1st, 2024.
[2024-11-20 12:01:02,308][absl][INFO] - Saving checkpoint to /data/tsoyda/RPG/master_thesis_taylan_soydan/event-ssm/outputs/2024-11-20-11-58-09/checkpoints/checkpoint_2250.
[2024-11-20 12:01:02,310][absl][INFO] - Skipping global process sync, barrier name: create_tmp_directory:pre.checkpoint_2250
[2024-11-20 12:01:02,310][absl][INFO] - Failed to get flag value for EXPERIMENTAL_ORBAX_USE_DISTRIBUTED_PROCESS_ID.
[2024-11-20 12:01:02,312][absl][INFO] - Wrote CheckpointMetadata=CheckpointMetadata(init_timestamp_nsecs=1732100462311625992, commit_timestamp_nsecs=None), json={"init_timestamp_nsecs": 1732100462311625992, "commit_timestamp_nsecs": null} to /data/tsoyda/RPG/master_thesis_taylan_soydan/event-ssm/outputs/2024-11-20-11-58-09/checkpoints/checkpoint_2250.orbax-checkpoint-tmp-0
[2024-11-20 12:01:02,313][absl][INFO] - Skipping global process sync, barrier name: create_tmp_directory:post.checkpoint_2250
[2024-11-20 12:01:02,458][absl][INFO] - Skipping global process sync, barrier name: Checkpointer:save.checkpoint_2250
[2024-11-20 12:01:02,461][absl][INFO] - Renaming /data/tsoyda/RPG/master_thesis_taylan_soydan/event-ssm/outputs/2024-11-20-11-58-09/checkpoints/checkpoint_2250.orbax-checkpoint-tmp-0 to /data/tsoyda/RPG/master_thesis_taylan_soydan/event-ssm/outputs/2024-11-20-11-58-09/checkpoints/checkpoint_2250
[2024-11-20 12:01:02,462][absl][INFO] - Read CheckpointMetadata=CheckpointMetadata(init_timestamp_nsecs=1732100462311625992, commit_timestamp_nsecs=None) from /data/tsoyda/RPG/master_thesis_taylan_soydan/event-ssm/outputs/2024-11-20-11-58-09/checkpoints/checkpoint_2250
[2024-11-20 12:01:02,472][absl][INFO] - Updated CheckpointMetadata=CheckpointMetadata(init_timestamp_nsecs=1732100462311625992, commit_timestamp_nsecs=1732100462462384399) to /data/tsoyda/RPG/master_thesis_taylan_soydan/event-ssm/outputs/2024-11-20-11-58-09/checkpoints/checkpoint_2250
[2024-11-20 12:01:02,472][absl][INFO] - Finished saving checkpoint to `/data/tsoyda/RPG/master_thesis_taylan_soydan/event-ssm/outputs/2024-11-20-11-58-09/checkpoints/checkpoint_2250`.
[2024-11-20 12:01:02,472][absl][INFO] - Skipping global process sync, barrier name: Checkpointer:finalize.checkpoint_2250
[2024-11-20 12:03:07,154][absl][INFO] - Saving checkpoint at step: 4500
[2024-11-20 12:03:07,159][absl][INFO] - Using Orbax as backend to save Flax checkpoints. For potential troubleshooting see: https://flax.readthedocs.io/en/latest/guides/training_techniques/use_checkpointing.html#orbax-as-backend-troubleshooting
[2024-11-20 12:03:07,164][absl][INFO] - Saving checkpoint to /data/tsoyda/RPG/master_thesis_taylan_soydan/event-ssm/outputs/2024-11-20-11-58-09/checkpoints/checkpoint_4500.
[2024-11-20 12:03:07,165][absl][INFO] - Skipping global process sync, barrier name: create_tmp_directory:pre.checkpoint_4500
[2024-11-20 12:03:07,166][absl][INFO] - Failed to get flag value for EXPERIMENTAL_ORBAX_USE_DISTRIBUTED_PROCESS_ID.
[2024-11-20 12:03:07,167][absl][INFO] - Skipping global process sync, barrier name: create_tmp_directory:post.checkpoint_4500
[2024-11-20 12:03:07,307][absl][INFO] - Skipping global process sync, barrier name: Checkpointer:save.checkpoint_4500
[2024-11-20 12:03:07,309][absl][INFO] - Renaming /data/tsoyda/RPG/master_thesis_taylan_soydan/event-ssm/outputs/2024-11-20-11-58-09/checkpoints/checkpoint_4500.orbax-checkpoint-tmp-1 to /data/tsoyda/RPG/master_thesis_taylan_soydan/event-ssm/outputs/2024-11-20-11-58-09/checkpoints/checkpoint_4500
[2024-11-20 12:03:07,313][absl][INFO] - Finished saving checkpoint to `/data/tsoyda/RPG/master_thesis_taylan_soydan/event-ssm/outputs/2024-11-20-11-58-09/checkpoints/checkpoint_4500`.
[2024-11-20 12:03:07,314][absl][INFO] - Skipping global process sync, barrier name: Checkpointer:finalize.checkpoint_4500
[2024-11-20 12:03:07,314][absl][INFO] - Removing checkpoint at /data/tsoyda/RPG/master_thesis_taylan_soydan/event-ssm/outputs/2024-11-20-11-58-09/checkpoints/checkpoint_2250
[2024-11-20 12:05:12,250][absl][INFO] - Saving checkpoint at step: 6750
[2024-11-20 12:05:12,252][absl][INFO] - Using Orbax as backend to save Flax checkpoints. For potential troubleshooting see: https://flax.readthedocs.io/en/latest/guides/training_techniques/use_checkpointing.html#orbax-as-backend-troubleshooting
[2024-11-20 12:05:12,257][absl][INFO] - Saving checkpoint to /data/tsoyda/RPG/master_thesis_taylan_soydan/event-ssm/outputs/2024-11-20-11-58-09/checkpoints/checkpoint_6750.
[2024-11-20 12:05:12,257][absl][INFO] - Skipping global process sync, barrier name: create_tmp_directory:pre.checkpoint_6750
[2024-11-20 12:05:12,257][absl][INFO] - Failed to get flag value for EXPERIMENTAL_ORBAX_USE_DISTRIBUTED_PROCESS_ID.
[2024-11-20 12:05:12,259][absl][INFO] - Skipping global process sync, barrier name: create_tmp_directory:post.checkpoint_6750
[2024-11-20 12:05:12,437][absl][INFO] - Skipping global process sync, barrier name: Checkpointer:save.checkpoint_6750
[2024-11-20 12:05:12,440][absl][INFO] - Renaming /data/tsoyda/RPG/master_thesis_taylan_soydan/event-ssm/outputs/2024-11-20-11-58-09/checkpoints/checkpoint_6750.orbax-checkpoint-tmp-2 to /data/tsoyda/RPG/master_thesis_taylan_soydan/event-ssm/outputs/2024-11-20-11-58-09/checkpoints/checkpoint_6750
[2024-11-20 12:05:12,449][absl][INFO] - Finished saving checkpoint to `/data/tsoyda/RPG/master_thesis_taylan_soydan/event-ssm/outputs/2024-11-20-11-58-09/checkpoints/checkpoint_6750`.
[2024-11-20 12:05:12,450][absl][INFO] - Skipping global process sync, barrier name: Checkpointer:finalize.checkpoint_6750
[2024-11-20 12:05:12,450][absl][INFO] - Removing checkpoint at /data/tsoyda/RPG/master_thesis_taylan_soydan/event-ssm/outputs/2024-11-20-11-58-09/checkpoints/checkpoint_4500
[2024-11-20 12:07:18,225][absl][INFO] - Saving checkpoint at step: 9000
[2024-11-20 12:07:18,227][absl][INFO] - Using Orbax as backend to save Flax checkpoints. For potential troubleshooting see: https://flax.readthedocs.io/en/latest/guides/training_techniques/use_checkpointing.html#orbax-as-backend-troubleshooting
[2024-11-20 12:07:18,233][absl][INFO] - Saving checkpoint to /data/tsoyda/RPG/master_thesis_taylan_soydan/event-ssm/outputs/2024-11-20-11-58-09/checkpoints/checkpoint_9000.
[2024-11-20 12:07:18,234][absl][INFO] - Skipping global process sync, barrier name: create_tmp_directory:pre.checkpoint_9000
[2024-11-20 12:07:18,234][absl][INFO] - Failed to get flag value for EXPERIMENTAL_ORBAX_USE_DISTRIBUTED_PROCESS_ID.
[2024-11-20 12:07:18,240][absl][INFO] - Skipping global process sync, barrier name: create_tmp_directory:post.checkpoint_9000
[2024-11-20 12:07:18,395][absl][INFO] - Skipping global process sync, barrier name: Checkpointer:save.checkpoint_9000
[2024-11-20 12:07:18,399][absl][INFO] - Renaming /data/tsoyda/RPG/master_thesis_taylan_soydan/event-ssm/outputs/2024-11-20-11-58-09/checkpoints/checkpoint_9000.orbax-checkpoint-tmp-3 to /data/tsoyda/RPG/master_thesis_taylan_soydan/event-ssm/outputs/2024-11-20-11-58-09/checkpoints/checkpoint_9000
[2024-11-20 12:07:18,408][absl][INFO] - Finished saving checkpoint to `/data/tsoyda/RPG/master_thesis_taylan_soydan/event-ssm/outputs/2024-11-20-11-58-09/checkpoints/checkpoint_9000`.
[2024-11-20 12:07:18,408][absl][INFO] - Skipping global process sync, barrier name: Checkpointer:finalize.checkpoint_9000
[2024-11-20 12:07:18,409][absl][INFO] - Removing checkpoint at /data/tsoyda/RPG/master_thesis_taylan_soydan/event-ssm/outputs/2024-11-20-11-58-09/checkpoints/checkpoint_6750
[2024-11-20 12:09:23,828][absl][INFO] - Saving checkpoint at step: 11250
[2024-11-20 12:09:23,829][absl][INFO] - Using Orbax as backend to save Flax checkpoints. For potential troubleshooting see: https://flax.readthedocs.io/en/latest/guides/training_techniques/use_checkpointing.html#orbax-as-backend-troubleshooting
[2024-11-20 12:09:23,836][absl][INFO] - Saving checkpoint to /data/tsoyda/RPG/master_thesis_taylan_soydan/event-ssm/outputs/2024-11-20-11-58-09/checkpoints/checkpoint_11250.
[2024-11-20 12:09:23,837][absl][INFO] - Skipping global process sync, barrier name: create_tmp_directory:pre.checkpoint_11250
[2024-11-20 12:09:23,837][absl][INFO] - Failed to get flag value for EXPERIMENTAL_ORBAX_USE_DISTRIBUTED_PROCESS_ID.
[2024-11-20 12:09:23,839][absl][INFO] - Skipping global process sync, barrier name: create_tmp_directory:post.checkpoint_11250
[2024-11-20 12:09:23,976][absl][INFO] - Skipping global process sync, barrier name: Checkpointer:save.checkpoint_11250
[2024-11-20 12:09:23,978][absl][INFO] - Renaming /data/tsoyda/RPG/master_thesis_taylan_soydan/event-ssm/outputs/2024-11-20-11-58-09/checkpoints/checkpoint_11250.orbax-checkpoint-tmp-4 to /data/tsoyda/RPG/master_thesis_taylan_soydan/event-ssm/outputs/2024-11-20-11-58-09/checkpoints/checkpoint_11250
[2024-11-20 12:09:23,992][absl][INFO] - Finished saving checkpoint to `/data/tsoyda/RPG/master_thesis_taylan_soydan/event-ssm/outputs/2024-11-20-11-58-09/checkpoints/checkpoint_11250`.
[2024-11-20 12:09:23,993][absl][INFO] - Skipping global process sync, barrier name: Checkpointer:finalize.checkpoint_11250
[2024-11-20 12:09:23,994][absl][INFO] - Removing checkpoint at /data/tsoyda/RPG/master_thesis_taylan_soydan/event-ssm/outputs/2024-11-20-11-58-09/checkpoints/checkpoint_9000
[2024-11-20 12:17:47,823][absl][INFO] - Saving checkpoint at step: 20250
[2024-11-20 12:17:47,825][absl][INFO] - Using Orbax as backend to save Flax checkpoints. For potential troubleshooting see: https://flax.readthedocs.io/en/latest/guides/training_techniques/use_checkpointing.html#orbax-as-backend-troubleshooting
[2024-11-20 12:17:47,830][absl][INFO] - Saving checkpoint to /data/tsoyda/RPG/master_thesis_taylan_soydan/event-ssm/outputs/2024-11-20-11-58-09/checkpoints/checkpoint_20250.
[2024-11-20 12:17:47,831][absl][INFO] - Skipping global process sync, barrier name: create_tmp_directory:pre.checkpoint_20250
[2024-11-20 12:17:47,831][absl][INFO] - Failed to get flag value for EXPERIMENTAL_ORBAX_USE_DISTRIBUTED_PROCESS_ID.
[2024-11-20 12:17:47,832][absl][INFO] - Skipping global process sync, barrier name: create_tmp_directory:post.checkpoint_20250
[2024-11-20 12:17:47,992][absl][INFO] - Skipping global process sync, barrier name: Checkpointer:save.checkpoint_20250
[2024-11-20 12:17:47,995][absl][INFO] - Renaming /data/tsoyda/RPG/master_thesis_taylan_soydan/event-ssm/outputs/2024-11-20-11-58-09/checkpoints/checkpoint_20250.orbax-checkpoint-tmp-5 to /data/tsoyda/RPG/master_thesis_taylan_soydan/event-ssm/outputs/2024-11-20-11-58-09/checkpoints/checkpoint_20250
[2024-11-20 12:17:48,004][absl][INFO] - Finished saving checkpoint to `/data/tsoyda/RPG/master_thesis_taylan_soydan/event-ssm/outputs/2024-11-20-11-58-09/checkpoints/checkpoint_20250`.
[2024-11-20 12:17:48,005][absl][INFO] - Skipping global process sync, barrier name: Checkpointer:finalize.checkpoint_20250
[2024-11-20 12:17:48,006][absl][INFO] - Removing checkpoint at /data/tsoyda/RPG/master_thesis_taylan_soydan/event-ssm/outputs/2024-11-20-11-58-09/checkpoints/checkpoint_11250
[2024-11-20 12:21:58,511][absl][INFO] - Saving checkpoint at step: 24750
[2024-11-20 12:21:58,513][absl][INFO] - Using Orbax as backend to save Flax checkpoints. For potential troubleshooting see: https://flax.readthedocs.io/en/latest/guides/training_techniques/use_checkpointing.html#orbax-as-backend-troubleshooting
[2024-11-20 12:21:58,518][absl][INFO] - Saving checkpoint to /data/tsoyda/RPG/master_thesis_taylan_soydan/event-ssm/outputs/2024-11-20-11-58-09/checkpoints/checkpoint_24750.
[2024-11-20 12:21:58,519][absl][INFO] - Skipping global process sync, barrier name: create_tmp_directory:pre.checkpoint_24750
[2024-11-20 12:21:58,519][absl][INFO] - Failed to get flag value for EXPERIMENTAL_ORBAX_USE_DISTRIBUTED_PROCESS_ID.
[2024-11-20 12:21:58,520][absl][INFO] - Skipping global process sync, barrier name: create_tmp_directory:post.checkpoint_24750
[2024-11-20 12:21:58,675][absl][INFO] - Skipping global process sync, barrier name: Checkpointer:save.checkpoint_24750
[2024-11-20 12:21:58,679][absl][INFO] - Renaming /data/tsoyda/RPG/master_thesis_taylan_soydan/event-ssm/outputs/2024-11-20-11-58-09/checkpoints/checkpoint_24750.orbax-checkpoint-tmp-6 to /data/tsoyda/RPG/master_thesis_taylan_soydan/event-ssm/outputs/2024-11-20-11-58-09/checkpoints/checkpoint_24750
[2024-11-20 12:21:58,691][absl][INFO] - Finished saving checkpoint to `/data/tsoyda/RPG/master_thesis_taylan_soydan/event-ssm/outputs/2024-11-20-11-58-09/checkpoints/checkpoint_24750`.
[2024-11-20 12:21:58,692][absl][INFO] - Skipping global process sync, barrier name: Checkpointer:finalize.checkpoint_24750
[2024-11-20 12:21:58,693][absl][INFO] - Removing checkpoint at /data/tsoyda/RPG/master_thesis_taylan_soydan/event-ssm/outputs/2024-11-20-11-58-09/checkpoints/checkpoint_20250
[2024-11-20 12:24:05,068][absl][INFO] - Saving checkpoint at step: 27000
[2024-11-20 12:24:05,076][absl][INFO] - Using Orbax as backend to save Flax checkpoints. For potential troubleshooting see: https://flax.readthedocs.io/en/latest/guides/training_techniques/use_checkpointing.html#orbax-as-backend-troubleshooting
[2024-11-20 12:24:05,081][absl][INFO] - Saving checkpoint to /data/tsoyda/RPG/master_thesis_taylan_soydan/event-ssm/outputs/2024-11-20-11-58-09/checkpoints/checkpoint_27000.
[2024-11-20 12:24:05,082][absl][INFO] - Skipping global process sync, barrier name: create_tmp_directory:pre.checkpoint_27000
[2024-11-20 12:24:05,082][absl][INFO] - Failed to get flag value for EXPERIMENTAL_ORBAX_USE_DISTRIBUTED_PROCESS_ID.
[2024-11-20 12:24:05,084][absl][INFO] - Skipping global process sync, barrier name: create_tmp_directory:post.checkpoint_27000
[2024-11-20 12:24:05,239][absl][INFO] - Skipping global process sync, barrier name: Checkpointer:save.checkpoint_27000
[2024-11-20 12:24:05,241][absl][INFO] - Renaming /data/tsoyda/RPG/master_thesis_taylan_soydan/event-ssm/outputs/2024-11-20-11-58-09/checkpoints/checkpoint_27000.orbax-checkpoint-tmp-7 to /data/tsoyda/RPG/master_thesis_taylan_soydan/event-ssm/outputs/2024-11-20-11-58-09/checkpoints/checkpoint_27000
[2024-11-20 12:24:05,251][absl][INFO] - Finished saving checkpoint to `/data/tsoyda/RPG/master_thesis_taylan_soydan/event-ssm/outputs/2024-11-20-11-58-09/checkpoints/checkpoint_27000`.
[2024-11-20 12:24:05,251][absl][INFO] - Skipping global process sync, barrier name: Checkpointer:finalize.checkpoint_27000
[2024-11-20 12:24:05,252][absl][INFO] - Removing checkpoint at /data/tsoyda/RPG/master_thesis_taylan_soydan/event-ssm/outputs/2024-11-20-11-58-09/checkpoints/checkpoint_24750
[2024-11-20 12:26:09,860][absl][INFO] - Saving checkpoint at step: 29250
[2024-11-20 12:26:09,862][absl][INFO] - Using Orbax as backend to save Flax checkpoints. For potential troubleshooting see: https://flax.readthedocs.io/en/latest/guides/training_techniques/use_checkpointing.html#orbax-as-backend-troubleshooting
[2024-11-20 12:26:09,867][absl][INFO] - Saving checkpoint to /data/tsoyda/RPG/master_thesis_taylan_soydan/event-ssm/outputs/2024-11-20-11-58-09/checkpoints/checkpoint_29250.
[2024-11-20 12:26:09,867][absl][INFO] - Skipping global process sync, barrier name: create_tmp_directory:pre.checkpoint_29250
[2024-11-20 12:26:09,868][absl][INFO] - Failed to get flag value for EXPERIMENTAL_ORBAX_USE_DISTRIBUTED_PROCESS_ID.
[2024-11-20 12:26:09,870][absl][INFO] - Skipping global process sync, barrier name: create_tmp_directory:post.checkpoint_29250
[2024-11-20 12:26:10,020][absl][INFO] - Skipping global process sync, barrier name: Checkpointer:save.checkpoint_29250
[2024-11-20 12:26:10,022][absl][INFO] - Renaming /data/tsoyda/RPG/master_thesis_taylan_soydan/event-ssm/outputs/2024-11-20-11-58-09/checkpoints/checkpoint_29250.orbax-checkpoint-tmp-8 to /data/tsoyda/RPG/master_thesis_taylan_soydan/event-ssm/outputs/2024-11-20-11-58-09/checkpoints/checkpoint_29250
[2024-11-20 12:26:10,031][absl][INFO] - Finished saving checkpoint to `/data/tsoyda/RPG/master_thesis_taylan_soydan/event-ssm/outputs/2024-11-20-11-58-09/checkpoints/checkpoint_29250`.
[2024-11-20 12:26:10,031][absl][INFO] - Skipping global process sync, barrier name: Checkpointer:finalize.checkpoint_29250
[2024-11-20 12:26:10,032][absl][INFO] - Removing checkpoint at /data/tsoyda/RPG/master_thesis_taylan_soydan/event-ssm/outputs/2024-11-20-11-58-09/checkpoints/checkpoint_27000
[2024-11-20 12:28:15,258][absl][INFO] - Saving checkpoint at step: 31500
[2024-11-20 12:28:15,266][absl][INFO] - Using Orbax as backend to save Flax checkpoints. For potential troubleshooting see: https://flax.readthedocs.io/en/latest/guides/training_techniques/use_checkpointing.html#orbax-as-backend-troubleshooting
[2024-11-20 12:28:15,269][absl][INFO] - Saving checkpoint to /data/tsoyda/RPG/master_thesis_taylan_soydan/event-ssm/outputs/2024-11-20-11-58-09/checkpoints/checkpoint_31500.
[2024-11-20 12:28:15,270][absl][INFO] - Skipping global process sync, barrier name: create_tmp_directory:pre.checkpoint_31500
[2024-11-20 12:28:15,270][absl][INFO] - Failed to get flag value for EXPERIMENTAL_ORBAX_USE_DISTRIBUTED_PROCESS_ID.
[2024-11-20 12:28:15,271][absl][INFO] - Skipping global process sync, barrier name: create_tmp_directory:post.checkpoint_31500
[2024-11-20 12:28:15,426][absl][INFO] - Skipping global process sync, barrier name: Checkpointer:save.checkpoint_31500
[2024-11-20 12:28:15,428][absl][INFO] - Renaming /data/tsoyda/RPG/master_thesis_taylan_soydan/event-ssm/outputs/2024-11-20-11-58-09/checkpoints/checkpoint_31500.orbax-checkpoint-tmp-9 to /data/tsoyda/RPG/master_thesis_taylan_soydan/event-ssm/outputs/2024-11-20-11-58-09/checkpoints/checkpoint_31500
[2024-11-20 12:28:15,439][absl][INFO] - Finished saving checkpoint to `/data/tsoyda/RPG/master_thesis_taylan_soydan/event-ssm/outputs/2024-11-20-11-58-09/checkpoints/checkpoint_31500`.
[2024-11-20 12:28:15,440][absl][INFO] - Skipping global process sync, barrier name: Checkpointer:finalize.checkpoint_31500
[2024-11-20 12:28:15,440][absl][INFO] - Removing checkpoint at /data/tsoyda/RPG/master_thesis_taylan_soydan/event-ssm/outputs/2024-11-20-11-58-09/checkpoints/checkpoint_29250
[2024-11-20 12:30:21,091][absl][INFO] - Saving checkpoint at step: 33750
[2024-11-20 12:30:21,103][absl][INFO] - Using Orbax as backend to save Flax checkpoints. For potential troubleshooting see: https://flax.readthedocs.io/en/latest/guides/training_techniques/use_checkpointing.html#orbax-as-backend-troubleshooting
[2024-11-20 12:30:21,110][absl][INFO] - Saving checkpoint to /data/tsoyda/RPG/master_thesis_taylan_soydan/event-ssm/outputs/2024-11-20-11-58-09/checkpoints/checkpoint_33750.
[2024-11-20 12:30:21,111][absl][INFO] - Skipping global process sync, barrier name: create_tmp_directory:pre.checkpoint_33750
[2024-11-20 12:30:21,111][absl][INFO] - Failed to get flag value for EXPERIMENTAL_ORBAX_USE_DISTRIBUTED_PROCESS_ID.
[2024-11-20 12:30:21,113][absl][INFO] - Skipping global process sync, barrier name: create_tmp_directory:post.checkpoint_33750
[2024-11-20 12:30:21,253][absl][INFO] - Skipping global process sync, barrier name: Checkpointer:save.checkpoint_33750
[2024-11-20 12:30:21,257][absl][INFO] - Renaming /data/tsoyda/RPG/master_thesis_taylan_soydan/event-ssm/outputs/2024-11-20-11-58-09/checkpoints/checkpoint_33750.orbax-checkpoint-tmp-10 to /data/tsoyda/RPG/master_thesis_taylan_soydan/event-ssm/outputs/2024-11-20-11-58-09/checkpoints/checkpoint_33750
[2024-11-20 12:30:21,265][absl][INFO] - Finished saving checkpoint to `/data/tsoyda/RPG/master_thesis_taylan_soydan/event-ssm/outputs/2024-11-20-11-58-09/checkpoints/checkpoint_33750`.
[2024-11-20 12:30:21,265][absl][INFO] - Skipping global process sync, barrier name: Checkpointer:finalize.checkpoint_33750
[2024-11-20 12:30:21,266][absl][INFO] - Removing checkpoint at /data/tsoyda/RPG/master_thesis_taylan_soydan/event-ssm/outputs/2024-11-20-11-58-09/checkpoints/checkpoint_31500
[2024-11-20 12:32:27,278][absl][INFO] - Saving checkpoint at step: 36000
[2024-11-20 12:32:27,279][absl][INFO] - Using Orbax as backend to save Flax checkpoints. For potential troubleshooting see: https://flax.readthedocs.io/en/latest/guides/training_techniques/use_checkpointing.html#orbax-as-backend-troubleshooting
[2024-11-20 12:32:27,285][absl][INFO] - Saving checkpoint to /data/tsoyda/RPG/master_thesis_taylan_soydan/event-ssm/outputs/2024-11-20-11-58-09/checkpoints/checkpoint_36000.
[2024-11-20 12:32:27,286][absl][INFO] - Skipping global process sync, barrier name: create_tmp_directory:pre.checkpoint_36000
[2024-11-20 12:32:27,287][absl][INFO] - Failed to get flag value for EXPERIMENTAL_ORBAX_USE_DISTRIBUTED_PROCESS_ID.
[2024-11-20 12:32:27,289][absl][INFO] - Skipping global process sync, barrier name: create_tmp_directory:post.checkpoint_36000
[2024-11-20 12:32:27,428][absl][INFO] - Skipping global process sync, barrier name: Checkpointer:save.checkpoint_36000
[2024-11-20 12:32:27,431][absl][INFO] - Renaming /data/tsoyda/RPG/master_thesis_taylan_soydan/event-ssm/outputs/2024-11-20-11-58-09/checkpoints/checkpoint_36000.orbax-checkpoint-tmp-11 to /data/tsoyda/RPG/master_thesis_taylan_soydan/event-ssm/outputs/2024-11-20-11-58-09/checkpoints/checkpoint_36000
[2024-11-20 12:32:27,440][absl][INFO] - Finished saving checkpoint to `/data/tsoyda/RPG/master_thesis_taylan_soydan/event-ssm/outputs/2024-11-20-11-58-09/checkpoints/checkpoint_36000`.
[2024-11-20 12:32:27,440][absl][INFO] - Skipping global process sync, barrier name: Checkpointer:finalize.checkpoint_36000
[2024-11-20 12:32:27,442][absl][INFO] - Removing checkpoint at /data/tsoyda/RPG/master_thesis_taylan_soydan/event-ssm/outputs/2024-11-20-11-58-09/checkpoints/checkpoint_33750
[2024-11-20 12:36:39,827][absl][INFO] - Saving checkpoint at step: 40500
[2024-11-20 12:36:39,829][absl][INFO] - Using Orbax as backend to save Flax checkpoints. For potential troubleshooting see: https://flax.readthedocs.io/en/latest/guides/training_techniques/use_checkpointing.html#orbax-as-backend-troubleshooting
[2024-11-20 12:36:39,834][absl][INFO] - Saving checkpoint to /data/tsoyda/RPG/master_thesis_taylan_soydan/event-ssm/outputs/2024-11-20-11-58-09/checkpoints/checkpoint_40500.
[2024-11-20 12:36:39,834][absl][INFO] - Skipping global process sync, barrier name: create_tmp_directory:pre.checkpoint_40500
[2024-11-20 12:36:39,835][absl][INFO] - Failed to get flag value for EXPERIMENTAL_ORBAX_USE_DISTRIBUTED_PROCESS_ID.
[2024-11-20 12:36:39,836][absl][INFO] - Skipping global process sync, barrier name: create_tmp_directory:post.checkpoint_40500
[2024-11-20 12:36:39,981][absl][INFO] - Skipping global process sync, barrier name: Checkpointer:save.checkpoint_40500
[2024-11-20 12:36:39,985][absl][INFO] - Renaming /data/tsoyda/RPG/master_thesis_taylan_soydan/event-ssm/outputs/2024-11-20-11-58-09/checkpoints/checkpoint_40500.orbax-checkpoint-tmp-12 to /data/tsoyda/RPG/master_thesis_taylan_soydan/event-ssm/outputs/2024-11-20-11-58-09/checkpoints/checkpoint_40500
[2024-11-20 12:36:39,993][absl][INFO] - Finished saving checkpoint to `/data/tsoyda/RPG/master_thesis_taylan_soydan/event-ssm/outputs/2024-11-20-11-58-09/checkpoints/checkpoint_40500`.
[2024-11-20 12:36:39,993][absl][INFO] - Skipping global process sync, barrier name: Checkpointer:finalize.checkpoint_40500
[2024-11-20 12:36:39,995][absl][INFO] - Removing checkpoint at /data/tsoyda/RPG/master_thesis_taylan_soydan/event-ssm/outputs/2024-11-20-11-58-09/checkpoints/checkpoint_36000
[2024-11-20 12:38:46,341][absl][INFO] - Saving checkpoint at step: 42750
[2024-11-20 12:38:46,343][absl][INFO] - Using Orbax as backend to save Flax checkpoints. For potential troubleshooting see: https://flax.readthedocs.io/en/latest/guides/training_techniques/use_checkpointing.html#orbax-as-backend-troubleshooting
[2024-11-20 12:38:46,348][absl][INFO] - Saving checkpoint to /data/tsoyda/RPG/master_thesis_taylan_soydan/event-ssm/outputs/2024-11-20-11-58-09/checkpoints/checkpoint_42750.
[2024-11-20 12:38:46,348][absl][INFO] - Skipping global process sync, barrier name: create_tmp_directory:pre.checkpoint_42750
[2024-11-20 12:38:46,349][absl][INFO] - Failed to get flag value for EXPERIMENTAL_ORBAX_USE_DISTRIBUTED_PROCESS_ID.
[2024-11-20 12:38:46,350][absl][INFO] - Skipping global process sync, barrier name: create_tmp_directory:post.checkpoint_42750
[2024-11-20 12:38:46,517][absl][INFO] - Skipping global process sync, barrier name: Checkpointer:save.checkpoint_42750
[2024-11-20 12:38:46,520][absl][INFO] - Renaming /data/tsoyda/RPG/master_thesis_taylan_soydan/event-ssm/outputs/2024-11-20-11-58-09/checkpoints/checkpoint_42750.orbax-checkpoint-tmp-13 to /data/tsoyda/RPG/master_thesis_taylan_soydan/event-ssm/outputs/2024-11-20-11-58-09/checkpoints/checkpoint_42750
[2024-11-20 12:38:46,528][absl][INFO] - Finished saving checkpoint to `/data/tsoyda/RPG/master_thesis_taylan_soydan/event-ssm/outputs/2024-11-20-11-58-09/checkpoints/checkpoint_42750`.
[2024-11-20 12:38:46,528][absl][INFO] - Skipping global process sync, barrier name: Checkpointer:finalize.checkpoint_42750
[2024-11-20 12:38:46,529][absl][INFO] - Removing checkpoint at /data/tsoyda/RPG/master_thesis_taylan_soydan/event-ssm/outputs/2024-11-20-11-58-09/checkpoints/checkpoint_40500
[2024-11-20 12:40:52,257][absl][INFO] - Saving checkpoint at step: 45000
[2024-11-20 12:40:52,259][absl][INFO] - Using Orbax as backend to save Flax checkpoints. For potential troubleshooting see: https://flax.readthedocs.io/en/latest/guides/training_techniques/use_checkpointing.html#orbax-as-backend-troubleshooting
[2024-11-20 12:40:52,263][absl][INFO] - Saving checkpoint to /data/tsoyda/RPG/master_thesis_taylan_soydan/event-ssm/outputs/2024-11-20-11-58-09/checkpoints/checkpoint_45000.
[2024-11-20 12:40:52,264][absl][INFO] - Skipping global process sync, barrier name: create_tmp_directory:pre.checkpoint_45000
[2024-11-20 12:40:52,264][absl][INFO] - Failed to get flag value for EXPERIMENTAL_ORBAX_USE_DISTRIBUTED_PROCESS_ID.
[2024-11-20 12:40:52,265][absl][INFO] - Skipping global process sync, barrier name: create_tmp_directory:post.checkpoint_45000
[2024-11-20 12:40:52,435][absl][INFO] - Skipping global process sync, barrier name: Checkpointer:save.checkpoint_45000
[2024-11-20 12:40:52,438][absl][INFO] - Renaming /data/tsoyda/RPG/master_thesis_taylan_soydan/event-ssm/outputs/2024-11-20-11-58-09/checkpoints/checkpoint_45000.orbax-checkpoint-tmp-14 to /data/tsoyda/RPG/master_thesis_taylan_soydan/event-ssm/outputs/2024-11-20-11-58-09/checkpoints/checkpoint_45000
[2024-11-20 12:40:52,447][absl][INFO] - Finished saving checkpoint to `/data/tsoyda/RPG/master_thesis_taylan_soydan/event-ssm/outputs/2024-11-20-11-58-09/checkpoints/checkpoint_45000`.
[2024-11-20 12:40:52,448][absl][INFO] - Skipping global process sync, barrier name: Checkpointer:finalize.checkpoint_45000
[2024-11-20 12:40:52,448][absl][INFO] - Removing checkpoint at /data/tsoyda/RPG/master_thesis_taylan_soydan/event-ssm/outputs/2024-11-20-11-58-09/checkpoints/checkpoint_42750
[2024-11-20 12:45:04,692][absl][INFO] - Saving checkpoint at step: 49500
[2024-11-20 12:45:04,694][absl][INFO] - Using Orbax as backend to save Flax checkpoints. For potential troubleshooting see: https://flax.readthedocs.io/en/latest/guides/training_techniques/use_checkpointing.html#orbax-as-backend-troubleshooting
[2024-11-20 12:45:05,081][absl][INFO] - Saving checkpoint to /data/tsoyda/RPG/master_thesis_taylan_soydan/event-ssm/outputs/2024-11-20-11-58-09/checkpoints/checkpoint_49500.
[2024-11-20 12:45:05,082][absl][INFO] - Skipping global process sync, barrier name: create_tmp_directory:pre.checkpoint_49500
[2024-11-20 12:45:05,082][absl][INFO] - Failed to get flag value for EXPERIMENTAL_ORBAX_USE_DISTRIBUTED_PROCESS_ID.
[2024-11-20 12:45:05,084][absl][INFO] - Skipping global process sync, barrier name: create_tmp_directory:post.checkpoint_49500
[2024-11-20 12:45:05,231][absl][INFO] - Skipping global process sync, barrier name: Checkpointer:save.checkpoint_49500
[2024-11-20 12:45:05,233][absl][INFO] - Renaming /data/tsoyda/RPG/master_thesis_taylan_soydan/event-ssm/outputs/2024-11-20-11-58-09/checkpoints/checkpoint_49500.orbax-checkpoint-tmp-15 to /data/tsoyda/RPG/master_thesis_taylan_soydan/event-ssm/outputs/2024-11-20-11-58-09/checkpoints/checkpoint_49500
[2024-11-20 12:45:05,242][absl][INFO] - Finished saving checkpoint to `/data/tsoyda/RPG/master_thesis_taylan_soydan/event-ssm/outputs/2024-11-20-11-58-09/checkpoints/checkpoint_49500`.
[2024-11-20 12:45:05,242][absl][INFO] - Skipping global process sync, barrier name: Checkpointer:finalize.checkpoint_49500
[2024-11-20 12:45:05,243][absl][INFO] - Removing checkpoint at /data/tsoyda/RPG/master_thesis_taylan_soydan/event-ssm/outputs/2024-11-20-11-58-09/checkpoints/checkpoint_45000
[2024-11-20 12:47:11,626][absl][INFO] - Saving checkpoint at step: 51750
[2024-11-20 12:47:11,628][absl][INFO] - Using Orbax as backend to save Flax checkpoints. For potential troubleshooting see: https://flax.readthedocs.io/en/latest/guides/training_techniques/use_checkpointing.html#orbax-as-backend-troubleshooting
[2024-11-20 12:47:11,634][absl][INFO] - Saving checkpoint to /data/tsoyda/RPG/master_thesis_taylan_soydan/event-ssm/outputs/2024-11-20-11-58-09/checkpoints/checkpoint_51750.
[2024-11-20 12:47:11,634][absl][INFO] - Skipping global process sync, barrier name: create_tmp_directory:pre.checkpoint_51750
[2024-11-20 12:47:11,635][absl][INFO] - Failed to get flag value for EXPERIMENTAL_ORBAX_USE_DISTRIBUTED_PROCESS_ID.
[2024-11-20 12:47:11,636][absl][INFO] - Skipping global process sync, barrier name: create_tmp_directory:post.checkpoint_51750
[2024-11-20 12:47:11,778][absl][INFO] - Skipping global process sync, barrier name: Checkpointer:save.checkpoint_51750
[2024-11-20 12:47:11,782][absl][INFO] - Renaming /data/tsoyda/RPG/master_thesis_taylan_soydan/event-ssm/outputs/2024-11-20-11-58-09/checkpoints/checkpoint_51750.orbax-checkpoint-tmp-16 to /data/tsoyda/RPG/master_thesis_taylan_soydan/event-ssm/outputs/2024-11-20-11-58-09/checkpoints/checkpoint_51750
[2024-11-20 12:47:11,787][absl][INFO] - Finished saving checkpoint to `/data/tsoyda/RPG/master_thesis_taylan_soydan/event-ssm/outputs/2024-11-20-11-58-09/checkpoints/checkpoint_51750`.
[2024-11-20 12:47:11,788][absl][INFO] - Skipping global process sync, barrier name: Checkpointer:finalize.checkpoint_51750
[2024-11-20 12:47:11,789][absl][INFO] - Removing checkpoint at /data/tsoyda/RPG/master_thesis_taylan_soydan/event-ssm/outputs/2024-11-20-11-58-09/checkpoints/checkpoint_49500
[2024-11-20 12:49:18,003][absl][INFO] - Saving checkpoint at step: 54000
[2024-11-20 12:49:18,005][absl][INFO] - Using Orbax as backend to save Flax checkpoints. For potential troubleshooting see: https://flax.readthedocs.io/en/latest/guides/training_techniques/use_checkpointing.html#orbax-as-backend-troubleshooting
[2024-11-20 12:49:18,010][absl][INFO] - Saving checkpoint to /data/tsoyda/RPG/master_thesis_taylan_soydan/event-ssm/outputs/2024-11-20-11-58-09/checkpoints/checkpoint_54000.
[2024-11-20 12:49:18,011][absl][INFO] - Skipping global process sync, barrier name: create_tmp_directory:pre.checkpoint_54000
[2024-11-20 12:49:18,011][absl][INFO] - Failed to get flag value for EXPERIMENTAL_ORBAX_USE_DISTRIBUTED_PROCESS_ID.
[2024-11-20 12:49:18,012][absl][INFO] - Skipping global process sync, barrier name: create_tmp_directory:post.checkpoint_54000
[2024-11-20 12:49:18,158][absl][INFO] - Skipping global process sync, barrier name: Checkpointer:save.checkpoint_54000
[2024-11-20 12:49:18,161][absl][INFO] - Renaming /data/tsoyda/RPG/master_thesis_taylan_soydan/event-ssm/outputs/2024-11-20-11-58-09/checkpoints/checkpoint_54000.orbax-checkpoint-tmp-17 to /data/tsoyda/RPG/master_thesis_taylan_soydan/event-ssm/outputs/2024-11-20-11-58-09/checkpoints/checkpoint_54000
[2024-11-20 12:49:18,168][absl][INFO] - Finished saving checkpoint to `/data/tsoyda/RPG/master_thesis_taylan_soydan/event-ssm/outputs/2024-11-20-11-58-09/checkpoints/checkpoint_54000`.
[2024-11-20 12:49:18,168][absl][INFO] - Skipping global process sync, barrier name: Checkpointer:finalize.checkpoint_54000
[2024-11-20 12:49:18,170][absl][INFO] - Removing checkpoint at /data/tsoyda/RPG/master_thesis_taylan_soydan/event-ssm/outputs/2024-11-20-11-58-09/checkpoints/checkpoint_51750
[2024-11-20 12:51:24,169][absl][INFO] - Saving checkpoint at step: 56250
[2024-11-20 12:51:24,170][absl][INFO] - Using Orbax as backend to save Flax checkpoints. For potential troubleshooting see: https://flax.readthedocs.io/en/latest/guides/training_techniques/use_checkpointing.html#orbax-as-backend-troubleshooting
[2024-11-20 12:51:24,176][absl][INFO] - Saving checkpoint to /data/tsoyda/RPG/master_thesis_taylan_soydan/event-ssm/outputs/2024-11-20-11-58-09/checkpoints/checkpoint_56250.
[2024-11-20 12:51:24,177][absl][INFO] - Skipping global process sync, barrier name: create_tmp_directory:pre.checkpoint_56250
[2024-11-20 12:51:24,177][absl][INFO] - Failed to get flag value for EXPERIMENTAL_ORBAX_USE_DISTRIBUTED_PROCESS_ID.
[2024-11-20 12:51:24,179][absl][INFO] - Skipping global process sync, barrier name: create_tmp_directory:post.checkpoint_56250
[2024-11-20 12:51:24,314][absl][INFO] - Skipping global process sync, barrier name: Checkpointer:save.checkpoint_56250
[2024-11-20 12:51:24,316][absl][INFO] - Renaming /data/tsoyda/RPG/master_thesis_taylan_soydan/event-ssm/outputs/2024-11-20-11-58-09/checkpoints/checkpoint_56250.orbax-checkpoint-tmp-18 to /data/tsoyda/RPG/master_thesis_taylan_soydan/event-ssm/outputs/2024-11-20-11-58-09/checkpoints/checkpoint_56250
[2024-11-20 12:51:24,330][absl][INFO] - Finished saving checkpoint to `/data/tsoyda/RPG/master_thesis_taylan_soydan/event-ssm/outputs/2024-11-20-11-58-09/checkpoints/checkpoint_56250`.
[2024-11-20 12:51:24,330][absl][INFO] - Skipping global process sync, barrier name: Checkpointer:finalize.checkpoint_56250
[2024-11-20 12:51:24,331][absl][INFO] - Removing checkpoint at /data/tsoyda/RPG/master_thesis_taylan_soydan/event-ssm/outputs/2024-11-20-11-58-09/checkpoints/checkpoint_54000
[2024-11-20 12:53:31,517][absl][INFO] - Saving checkpoint at step: 58500
[2024-11-20 12:53:31,519][absl][INFO] - Using Orbax as backend to save Flax checkpoints. For potential troubleshooting see: https://flax.readthedocs.io/en/latest/guides/training_techniques/use_checkpointing.html#orbax-as-backend-troubleshooting
[2024-11-20 12:53:31,524][absl][INFO] - Saving checkpoint to /data/tsoyda/RPG/master_thesis_taylan_soydan/event-ssm/outputs/2024-11-20-11-58-09/checkpoints/checkpoint_58500.
[2024-11-20 12:53:31,524][absl][INFO] - Skipping global process sync, barrier name: create_tmp_directory:pre.checkpoint_58500
[2024-11-20 12:53:31,525][absl][INFO] - Failed to get flag value for EXPERIMENTAL_ORBAX_USE_DISTRIBUTED_PROCESS_ID.
[2024-11-20 12:53:31,526][absl][INFO] - Skipping global process sync, barrier name: create_tmp_directory:post.checkpoint_58500
[2024-11-20 12:53:31,680][absl][INFO] - Skipping global process sync, barrier name: Checkpointer:save.checkpoint_58500
[2024-11-20 12:53:31,684][absl][INFO] - Renaming /data/tsoyda/RPG/master_thesis_taylan_soydan/event-ssm/outputs/2024-11-20-11-58-09/checkpoints/checkpoint_58500.orbax-checkpoint-tmp-19 to /data/tsoyda/RPG/master_thesis_taylan_soydan/event-ssm/outputs/2024-11-20-11-58-09/checkpoints/checkpoint_58500
[2024-11-20 12:53:31,696][absl][INFO] - Finished saving checkpoint to `/data/tsoyda/RPG/master_thesis_taylan_soydan/event-ssm/outputs/2024-11-20-11-58-09/checkpoints/checkpoint_58500`.
[2024-11-20 12:53:31,697][absl][INFO] - Skipping global process sync, barrier name: Checkpointer:finalize.checkpoint_58500
[2024-11-20 12:53:31,698][absl][INFO] - Removing checkpoint at /data/tsoyda/RPG/master_thesis_taylan_soydan/event-ssm/outputs/2024-11-20-11-58-09/checkpoints/checkpoint_56250
[2024-11-20 12:55:38,231][absl][INFO] - Saving checkpoint at step: 60750
[2024-11-20 12:55:38,233][absl][INFO] - Using Orbax as backend to save Flax checkpoints. For potential troubleshooting see: https://flax.readthedocs.io/en/latest/guides/training_techniques/use_checkpointing.html#orbax-as-backend-troubleshooting
[2024-11-20 12:55:38,239][absl][INFO] - Saving checkpoint to /data/tsoyda/RPG/master_thesis_taylan_soydan/event-ssm/outputs/2024-11-20-11-58-09/checkpoints/checkpoint_60750.
[2024-11-20 12:55:38,240][absl][INFO] - Skipping global process sync, barrier name: create_tmp_directory:pre.checkpoint_60750
[2024-11-20 12:55:38,240][absl][INFO] - Failed to get flag value for EXPERIMENTAL_ORBAX_USE_DISTRIBUTED_PROCESS_ID.
[2024-11-20 12:55:38,242][absl][INFO] - Skipping global process sync, barrier name: create_tmp_directory:post.checkpoint_60750
[2024-11-20 12:55:38,384][absl][INFO] - Skipping global process sync, barrier name: Checkpointer:save.checkpoint_60750
[2024-11-20 12:55:38,386][absl][INFO] - Renaming /data/tsoyda/RPG/master_thesis_taylan_soydan/event-ssm/outputs/2024-11-20-11-58-09/checkpoints/checkpoint_60750.orbax-checkpoint-tmp-20 to /data/tsoyda/RPG/master_thesis_taylan_soydan/event-ssm/outputs/2024-11-20-11-58-09/checkpoints/checkpoint_60750
[2024-11-20 12:55:38,397][absl][INFO] - Finished saving checkpoint to `/data/tsoyda/RPG/master_thesis_taylan_soydan/event-ssm/outputs/2024-11-20-11-58-09/checkpoints/checkpoint_60750`.
[2024-11-20 12:55:38,397][absl][INFO] - Skipping global process sync, barrier name: Checkpointer:finalize.checkpoint_60750
[2024-11-20 12:55:38,398][absl][INFO] - Removing checkpoint at /data/tsoyda/RPG/master_thesis_taylan_soydan/event-ssm/outputs/2024-11-20-11-58-09/checkpoints/checkpoint_58500
[2024-11-20 12:59:49,961][absl][INFO] - Saving checkpoint at step: 65250
[2024-11-20 12:59:49,964][absl][INFO] - Using Orbax as backend to save Flax checkpoints. For potential troubleshooting see: https://flax.readthedocs.io/en/latest/guides/training_techniques/use_checkpointing.html#orbax-as-backend-troubleshooting
[2024-11-20 12:59:49,973][absl][INFO] - Saving checkpoint to /data/tsoyda/RPG/master_thesis_taylan_soydan/event-ssm/outputs/2024-11-20-11-58-09/checkpoints/checkpoint_65250.
[2024-11-20 12:59:49,974][absl][INFO] - Skipping global process sync, barrier name: create_tmp_directory:pre.checkpoint_65250
[2024-11-20 12:59:49,974][absl][INFO] - Failed to get flag value for EXPERIMENTAL_ORBAX_USE_DISTRIBUTED_PROCESS_ID.
[2024-11-20 12:59:49,976][absl][INFO] - Skipping global process sync, barrier name: create_tmp_directory:post.checkpoint_65250
[2024-11-20 12:59:50,107][absl][INFO] - Skipping global process sync, barrier name: Checkpointer:save.checkpoint_65250
[2024-11-20 12:59:50,112][absl][INFO] - Renaming /data/tsoyda/RPG/master_thesis_taylan_soydan/event-ssm/outputs/2024-11-20-11-58-09/checkpoints/checkpoint_65250.orbax-checkpoint-tmp-21 to /data/tsoyda/RPG/master_thesis_taylan_soydan/event-ssm/outputs/2024-11-20-11-58-09/checkpoints/checkpoint_65250
[2024-11-20 12:59:50,124][absl][INFO] - Finished saving checkpoint to `/data/tsoyda/RPG/master_thesis_taylan_soydan/event-ssm/outputs/2024-11-20-11-58-09/checkpoints/checkpoint_65250`.
[2024-11-20 12:59:50,125][absl][INFO] - Skipping global process sync, barrier name: Checkpointer:finalize.checkpoint_65250
[2024-11-20 12:59:50,126][absl][INFO] - Removing checkpoint at /data/tsoyda/RPG/master_thesis_taylan_soydan/event-ssm/outputs/2024-11-20-11-58-09/checkpoints/checkpoint_60750
[2024-11-20 13:10:23,610][absl][INFO] - Saving checkpoint at step: 76500
[2024-11-20 13:10:23,619][absl][INFO] - Using Orbax as backend to save Flax checkpoints. For potential troubleshooting see: https://flax.readthedocs.io/en/latest/guides/training_techniques/use_checkpointing.html#orbax-as-backend-troubleshooting
[2024-11-20 13:10:23,624][absl][INFO] - Saving checkpoint to /data/tsoyda/RPG/master_thesis_taylan_soydan/event-ssm/outputs/2024-11-20-11-58-09/checkpoints/checkpoint_76500.
[2024-11-20 13:10:23,625][absl][INFO] - Skipping global process sync, barrier name: create_tmp_directory:pre.checkpoint_76500
[2024-11-20 13:10:23,625][absl][INFO] - Failed to get flag value for EXPERIMENTAL_ORBAX_USE_DISTRIBUTED_PROCESS_ID.
[2024-11-20 13:10:23,627][absl][INFO] - Skipping global process sync, barrier name: create_tmp_directory:post.checkpoint_76500
[2024-11-20 13:10:24,303][absl][INFO] - Skipping global process sync, barrier name: Checkpointer:save.checkpoint_76500
[2024-11-20 13:10:24,306][absl][INFO] - Renaming /data/tsoyda/RPG/master_thesis_taylan_soydan/event-ssm/outputs/2024-11-20-11-58-09/checkpoints/checkpoint_76500.orbax-checkpoint-tmp-22 to /data/tsoyda/RPG/master_thesis_taylan_soydan/event-ssm/outputs/2024-11-20-11-58-09/checkpoints/checkpoint_76500
[2024-11-20 13:10:24,318][absl][INFO] - Finished saving checkpoint to `/data/tsoyda/RPG/master_thesis_taylan_soydan/event-ssm/outputs/2024-11-20-11-58-09/checkpoints/checkpoint_76500`.
[2024-11-20 13:10:24,319][absl][INFO] - Skipping global process sync, barrier name: Checkpointer:finalize.checkpoint_76500
[2024-11-20 13:10:24,320][absl][INFO] - Removing checkpoint at /data/tsoyda/RPG/master_thesis_taylan_soydan/event-ssm/outputs/2024-11-20-11-58-09/checkpoints/checkpoint_65250
[2024-11-20 13:12:31,518][absl][INFO] - Saving checkpoint at step: 78750
[2024-11-20 13:12:31,525][absl][INFO] - Using Orbax as backend to save Flax checkpoints. For potential troubleshooting see: https://flax.readthedocs.io/en/latest/guides/training_techniques/use_checkpointing.html#orbax-as-backend-troubleshooting
[2024-11-20 13:12:31,530][absl][INFO] - Saving checkpoint to /data/tsoyda/RPG/master_thesis_taylan_soydan/event-ssm/outputs/2024-11-20-11-58-09/checkpoints/checkpoint_78750.
[2024-11-20 13:12:31,530][absl][INFO] - Skipping global process sync, barrier name: create_tmp_directory:pre.checkpoint_78750
[2024-11-20 13:12:31,531][absl][INFO] - Failed to get flag value for EXPERIMENTAL_ORBAX_USE_DISTRIBUTED_PROCESS_ID.
[2024-11-20 13:12:31,532][absl][INFO] - Skipping global process sync, barrier name: create_tmp_directory:post.checkpoint_78750
[2024-11-20 13:12:31,666][absl][INFO] - Skipping global process sync, barrier name: Checkpointer:save.checkpoint_78750
[2024-11-20 13:12:31,669][absl][INFO] - Renaming /data/tsoyda/RPG/master_thesis_taylan_soydan/event-ssm/outputs/2024-11-20-11-58-09/checkpoints/checkpoint_78750.orbax-checkpoint-tmp-23 to /data/tsoyda/RPG/master_thesis_taylan_soydan/event-ssm/outputs/2024-11-20-11-58-09/checkpoints/checkpoint_78750
[2024-11-20 13:12:31,682][absl][INFO] - Finished saving checkpoint to `/data/tsoyda/RPG/master_thesis_taylan_soydan/event-ssm/outputs/2024-11-20-11-58-09/checkpoints/checkpoint_78750`.
[2024-11-20 13:12:31,683][absl][INFO] - Skipping global process sync, barrier name: Checkpointer:finalize.checkpoint_78750
[2024-11-20 13:12:31,686][absl][INFO] - Removing checkpoint at /data/tsoyda/RPG/master_thesis_taylan_soydan/event-ssm/outputs/2024-11-20-11-58-09/checkpoints/checkpoint_76500
[2024-11-20 13:23:01,699][absl][INFO] - Saving checkpoint at step: 90000
[2024-11-20 13:23:01,704][absl][INFO] - Using Orbax as backend to save Flax checkpoints. For potential troubleshooting see: https://flax.readthedocs.io/en/latest/guides/training_techniques/use_checkpointing.html#orbax-as-backend-troubleshooting
[2024-11-20 13:23:01,710][absl][INFO] - Saving checkpoint to /data/tsoyda/RPG/master_thesis_taylan_soydan/event-ssm/outputs/2024-11-20-11-58-09/checkpoints/checkpoint_90000.
[2024-11-20 13:23:01,710][absl][INFO] - Skipping global process sync, barrier name: create_tmp_directory:pre.checkpoint_90000
[2024-11-20 13:23:01,711][absl][INFO] - Failed to get flag value for EXPERIMENTAL_ORBAX_USE_DISTRIBUTED_PROCESS_ID.
[2024-11-20 13:23:01,713][absl][INFO] - Skipping global process sync, barrier name: create_tmp_directory:post.checkpoint_90000
[2024-11-20 13:23:01,863][absl][INFO] - Skipping global process sync, barrier name: Checkpointer:save.checkpoint_90000
[2024-11-20 13:23:01,866][absl][INFO] - Renaming /data/tsoyda/RPG/master_thesis_taylan_soydan/event-ssm/outputs/2024-11-20-11-58-09/checkpoints/checkpoint_90000.orbax-checkpoint-tmp-24 to /data/tsoyda/RPG/master_thesis_taylan_soydan/event-ssm/outputs/2024-11-20-11-58-09/checkpoints/checkpoint_90000
[2024-11-20 13:23:01,873][absl][INFO] - Finished saving checkpoint to `/data/tsoyda/RPG/master_thesis_taylan_soydan/event-ssm/outputs/2024-11-20-11-58-09/checkpoints/checkpoint_90000`.
[2024-11-20 13:23:01,873][absl][INFO] - Skipping global process sync, barrier name: Checkpointer:finalize.checkpoint_90000
[2024-11-20 13:23:01,874][absl][INFO] - Removing checkpoint at /data/tsoyda/RPG/master_thesis_taylan_soydan/event-ssm/outputs/2024-11-20-11-58-09/checkpoints/checkpoint_78750
[2024-11-20 13:25:07,698][absl][INFO] - Saving checkpoint at step: 92250
[2024-11-20 13:25:07,700][absl][INFO] - Using Orbax as backend to save Flax checkpoints. For potential troubleshooting see: https://flax.readthedocs.io/en/latest/guides/training_techniques/use_checkpointing.html#orbax-as-backend-troubleshooting
[2024-11-20 13:25:07,705][absl][INFO] - Saving checkpoint to /data/tsoyda/RPG/master_thesis_taylan_soydan/event-ssm/outputs/2024-11-20-11-58-09/checkpoints/checkpoint_92250.
[2024-11-20 13:25:07,706][absl][INFO] - Skipping global process sync, barrier name: create_tmp_directory:pre.checkpoint_92250
[2024-11-20 13:25:07,707][absl][INFO] - Failed to get flag value for EXPERIMENTAL_ORBAX_USE_DISTRIBUTED_PROCESS_ID.
[2024-11-20 13:25:07,708][absl][INFO] - Skipping global process sync, barrier name: create_tmp_directory:post.checkpoint_92250
[2024-11-20 13:25:07,841][absl][INFO] - Skipping global process sync, barrier name: Checkpointer:save.checkpoint_92250
[2024-11-20 13:25:07,844][absl][INFO] - Renaming /data/tsoyda/RPG/master_thesis_taylan_soydan/event-ssm/outputs/2024-11-20-11-58-09/checkpoints/checkpoint_92250.orbax-checkpoint-tmp-25 to /data/tsoyda/RPG/master_thesis_taylan_soydan/event-ssm/outputs/2024-11-20-11-58-09/checkpoints/checkpoint_92250
[2024-11-20 13:25:07,850][absl][INFO] - Finished saving checkpoint to `/data/tsoyda/RPG/master_thesis_taylan_soydan/event-ssm/outputs/2024-11-20-11-58-09/checkpoints/checkpoint_92250`.
[2024-11-20 13:25:07,851][absl][INFO] - Skipping global process sync, barrier name: Checkpointer:finalize.checkpoint_92250
[2024-11-20 13:25:07,852][absl][INFO] - Removing checkpoint at /data/tsoyda/RPG/master_thesis_taylan_soydan/event-ssm/outputs/2024-11-20-11-58-09/checkpoints/checkpoint_90000
[2024-11-20 13:27:14,766][absl][INFO] - Saving checkpoint at step: 94500
[2024-11-20 13:27:14,768][absl][INFO] - Using Orbax as backend to save Flax checkpoints. For potential troubleshooting see: https://flax.readthedocs.io/en/latest/guides/training_techniques/use_checkpointing.html#orbax-as-backend-troubleshooting
[2024-11-20 13:27:14,774][absl][INFO] - Saving checkpoint to /data/tsoyda/RPG/master_thesis_taylan_soydan/event-ssm/outputs/2024-11-20-11-58-09/checkpoints/checkpoint_94500.
[2024-11-20 13:27:14,775][absl][INFO] - Skipping global process sync, barrier name: create_tmp_directory:pre.checkpoint_94500
[2024-11-20 13:27:14,775][absl][INFO] - Failed to get flag value for EXPERIMENTAL_ORBAX_USE_DISTRIBUTED_PROCESS_ID.
[2024-11-20 13:27:14,777][absl][INFO] - Skipping global process sync, barrier name: create_tmp_directory:post.checkpoint_94500
[2024-11-20 13:27:14,925][absl][INFO] - Skipping global process sync, barrier name: Checkpointer:save.checkpoint_94500
[2024-11-20 13:27:14,929][absl][INFO] - Renaming /data/tsoyda/RPG/master_thesis_taylan_soydan/event-ssm/outputs/2024-11-20-11-58-09/checkpoints/checkpoint_94500.orbax-checkpoint-tmp-26 to /data/tsoyda/RPG/master_thesis_taylan_soydan/event-ssm/outputs/2024-11-20-11-58-09/checkpoints/checkpoint_94500
[2024-11-20 13:27:14,939][absl][INFO] - Finished saving checkpoint to `/data/tsoyda/RPG/master_thesis_taylan_soydan/event-ssm/outputs/2024-11-20-11-58-09/checkpoints/checkpoint_94500`.
[2024-11-20 13:27:14,940][absl][INFO] - Skipping global process sync, barrier name: Checkpointer:finalize.checkpoint_94500
[2024-11-20 13:27:14,941][absl][INFO] - Removing checkpoint at /data/tsoyda/RPG/master_thesis_taylan_soydan/event-ssm/outputs/2024-11-20-11-58-09/checkpoints/checkpoint_92250
[2024-11-20 13:29:20,098][absl][INFO] - Saving checkpoint at step: 96750
[2024-11-20 13:29:20,104][absl][INFO] - Using Orbax as backend to save Flax checkpoints. For potential troubleshooting see: https://flax.readthedocs.io/en/latest/guides/training_techniques/use_checkpointing.html#orbax-as-backend-troubleshooting
[2024-11-20 13:29:20,109][absl][INFO] - Saving checkpoint to /data/tsoyda/RPG/master_thesis_taylan_soydan/event-ssm/outputs/2024-11-20-11-58-09/checkpoints/checkpoint_96750.
[2024-11-20 13:29:20,110][absl][INFO] - Skipping global process sync, barrier name: create_tmp_directory:pre.checkpoint_96750
[2024-11-20 13:29:20,110][absl][INFO] - Failed to get flag value for EXPERIMENTAL_ORBAX_USE_DISTRIBUTED_PROCESS_ID.
[2024-11-20 13:29:20,112][absl][INFO] - Skipping global process sync, barrier name: create_tmp_directory:post.checkpoint_96750
[2024-11-20 13:29:20,256][absl][INFO] - Skipping global process sync, barrier name: Checkpointer:save.checkpoint_96750
[2024-11-20 13:29:20,259][absl][INFO] - Renaming /data/tsoyda/RPG/master_thesis_taylan_soydan/event-ssm/outputs/2024-11-20-11-58-09/checkpoints/checkpoint_96750.orbax-checkpoint-tmp-27 to /data/tsoyda/RPG/master_thesis_taylan_soydan/event-ssm/outputs/2024-11-20-11-58-09/checkpoints/checkpoint_96750
[2024-11-20 13:29:20,271][absl][INFO] - Finished saving checkpoint to `/data/tsoyda/RPG/master_thesis_taylan_soydan/event-ssm/outputs/2024-11-20-11-58-09/checkpoints/checkpoint_96750`.
[2024-11-20 13:29:20,271][absl][INFO] - Skipping global process sync, barrier name: Checkpointer:finalize.checkpoint_96750
[2024-11-20 13:29:20,272][absl][INFO] - Removing checkpoint at /data/tsoyda/RPG/master_thesis_taylan_soydan/event-ssm/outputs/2024-11-20-11-58-09/checkpoints/checkpoint_94500
[2024-11-20 13:33:33,108][absl][INFO] - Saving checkpoint at step: 101250
[2024-11-20 13:33:33,114][absl][INFO] - Using Orbax as backend to save Flax checkpoints. For potential troubleshooting see: https://flax.readthedocs.io/en/latest/guides/training_techniques/use_checkpointing.html#orbax-as-backend-troubleshooting
[2024-11-20 13:33:33,119][absl][INFO] - Saving checkpoint to /data/tsoyda/RPG/master_thesis_taylan_soydan/event-ssm/outputs/2024-11-20-11-58-09/checkpoints/checkpoint_101250.
[2024-11-20 13:33:33,120][absl][INFO] - Skipping global process sync, barrier name: create_tmp_directory:pre.checkpoint_101250
[2024-11-20 13:33:33,120][absl][INFO] - Failed to get flag value for EXPERIMENTAL_ORBAX_USE_DISTRIBUTED_PROCESS_ID.
[2024-11-20 13:33:33,122][absl][INFO] - Skipping global process sync, barrier name: create_tmp_directory:post.checkpoint_101250
[2024-11-20 13:33:33,269][absl][INFO] - Skipping global process sync, barrier name: Checkpointer:save.checkpoint_101250
[2024-11-20 13:33:33,272][absl][INFO] - Renaming /data/tsoyda/RPG/master_thesis_taylan_soydan/event-ssm/outputs/2024-11-20-11-58-09/checkpoints/checkpoint_101250.orbax-checkpoint-tmp-28 to /data/tsoyda/RPG/master_thesis_taylan_soydan/event-ssm/outputs/2024-11-20-11-58-09/checkpoints/checkpoint_101250
[2024-11-20 13:33:33,284][absl][INFO] - Finished saving checkpoint to `/data/tsoyda/RPG/master_thesis_taylan_soydan/event-ssm/outputs/2024-11-20-11-58-09/checkpoints/checkpoint_101250`.
[2024-11-20 13:33:33,285][absl][INFO] - Skipping global process sync, barrier name: Checkpointer:finalize.checkpoint_101250
[2024-11-20 13:33:33,286][absl][INFO] - Removing checkpoint at /data/tsoyda/RPG/master_thesis_taylan_soydan/event-ssm/outputs/2024-11-20-11-58-09/checkpoints/checkpoint_96750
[2024-11-20 13:44:05,530][absl][INFO] - Saving checkpoint at step: 112500
[2024-11-20 13:44:05,535][absl][INFO] - Using Orbax as backend to save Flax checkpoints. For potential troubleshooting see: https://flax.readthedocs.io/en/latest/guides/training_techniques/use_checkpointing.html#orbax-as-backend-troubleshooting
[2024-11-20 13:44:05,541][absl][INFO] - Saving checkpoint to /data/tsoyda/RPG/master_thesis_taylan_soydan/event-ssm/outputs/2024-11-20-11-58-09/checkpoints/checkpoint_112500.
[2024-11-20 13:44:05,541][absl][INFO] - Skipping global process sync, barrier name: create_tmp_directory:pre.checkpoint_112500
[2024-11-20 13:44:05,542][absl][INFO] - Failed to get flag value for EXPERIMENTAL_ORBAX_USE_DISTRIBUTED_PROCESS_ID.
[2024-11-20 13:44:05,543][absl][INFO] - Skipping global process sync, barrier name: create_tmp_directory:post.checkpoint_112500
[2024-11-20 13:44:06,174][absl][INFO] - Skipping global process sync, barrier name: Checkpointer:save.checkpoint_112500
[2024-11-20 13:44:06,176][absl][INFO] - Renaming /data/tsoyda/RPG/master_thesis_taylan_soydan/event-ssm/outputs/2024-11-20-11-58-09/checkpoints/checkpoint_112500.orbax-checkpoint-tmp-29 to /data/tsoyda/RPG/master_thesis_taylan_soydan/event-ssm/outputs/2024-11-20-11-58-09/checkpoints/checkpoint_112500
[2024-11-20 13:44:06,185][absl][INFO] - Finished saving checkpoint to `/data/tsoyda/RPG/master_thesis_taylan_soydan/event-ssm/outputs/2024-11-20-11-58-09/checkpoints/checkpoint_112500`.
[2024-11-20 13:44:06,186][absl][INFO] - Skipping global process sync, barrier name: Checkpointer:finalize.checkpoint_112500
[2024-11-20 13:44:06,186][absl][INFO] - Removing checkpoint at /data/tsoyda/RPG/master_thesis_taylan_soydan/event-ssm/outputs/2024-11-20-11-58-09/checkpoints/checkpoint_101250
[2024-11-20 13:48:18,536][absl][INFO] - Saving checkpoint at step: 117000
[2024-11-20 13:48:18,543][absl][INFO] - Using Orbax as backend to save Flax checkpoints. For potential troubleshooting see: https://flax.readthedocs.io/en/latest/guides/training_techniques/use_checkpointing.html#orbax-as-backend-troubleshooting
[2024-11-20 13:48:18,548][absl][INFO] - Saving checkpoint to /data/tsoyda/RPG/master_thesis_taylan_soydan/event-ssm/outputs/2024-11-20-11-58-09/checkpoints/checkpoint_117000.
[2024-11-20 13:48:18,549][absl][INFO] - Skipping global process sync, barrier name: create_tmp_directory:pre.checkpoint_117000
[2024-11-20 13:48:18,549][absl][INFO] - Failed to get flag value for EXPERIMENTAL_ORBAX_USE_DISTRIBUTED_PROCESS_ID.
[2024-11-20 13:48:18,551][absl][INFO] - Skipping global process sync, barrier name: create_tmp_directory:post.checkpoint_117000
[2024-11-20 13:48:18,688][absl][INFO] - Skipping global process sync, barrier name: Checkpointer:save.checkpoint_117000
[2024-11-20 13:48:18,692][absl][INFO] - Renaming /data/tsoyda/RPG/master_thesis_taylan_soydan/event-ssm/outputs/2024-11-20-11-58-09/checkpoints/checkpoint_117000.orbax-checkpoint-tmp-30 to /data/tsoyda/RPG/master_thesis_taylan_soydan/event-ssm/outputs/2024-11-20-11-58-09/checkpoints/checkpoint_117000
[2024-11-20 13:48:18,702][absl][INFO] - Finished saving checkpoint to `/data/tsoyda/RPG/master_thesis_taylan_soydan/event-ssm/outputs/2024-11-20-11-58-09/checkpoints/checkpoint_117000`.
[2024-11-20 13:48:18,702][absl][INFO] - Skipping global process sync, barrier name: Checkpointer:finalize.checkpoint_117000
[2024-11-20 13:48:18,703][absl][INFO] - Removing checkpoint at /data/tsoyda/RPG/master_thesis_taylan_soydan/event-ssm/outputs/2024-11-20-11-58-09/checkpoints/checkpoint_112500
[2024-11-20 13:52:31,868][absl][INFO] - Saving checkpoint at step: 121500
[2024-11-20 13:52:31,870][absl][INFO] - Using Orbax as backend to save Flax checkpoints. For potential troubleshooting see: https://flax.readthedocs.io/en/latest/guides/training_techniques/use_checkpointing.html#orbax-as-backend-troubleshooting
[2024-11-20 13:52:31,874][absl][INFO] - Saving checkpoint to /data/tsoyda/RPG/master_thesis_taylan_soydan/event-ssm/outputs/2024-11-20-11-58-09/checkpoints/checkpoint_121500.
[2024-11-20 13:52:31,875][absl][INFO] - Skipping global process sync, barrier name: create_tmp_directory:pre.checkpoint_121500
[2024-11-20 13:52:31,875][absl][INFO] - Failed to get flag value for EXPERIMENTAL_ORBAX_USE_DISTRIBUTED_PROCESS_ID.
[2024-11-20 13:52:31,877][absl][INFO] - Skipping global process sync, barrier name: create_tmp_directory:post.checkpoint_121500
[2024-11-20 13:52:32,025][absl][INFO] - Skipping global process sync, barrier name: Checkpointer:save.checkpoint_121500
[2024-11-20 13:52:32,029][absl][INFO] - Renaming /data/tsoyda/RPG/master_thesis_taylan_soydan/event-ssm/outputs/2024-11-20-11-58-09/checkpoints/checkpoint_121500.orbax-checkpoint-tmp-31 to /data/tsoyda/RPG/master_thesis_taylan_soydan/event-ssm/outputs/2024-11-20-11-58-09/checkpoints/checkpoint_121500
[2024-11-20 13:52:32,040][absl][INFO] - Finished saving checkpoint to `/data/tsoyda/RPG/master_thesis_taylan_soydan/event-ssm/outputs/2024-11-20-11-58-09/checkpoints/checkpoint_121500`.
[2024-11-20 13:52:32,040][absl][INFO] - Skipping global process sync, barrier name: Checkpointer:finalize.checkpoint_121500
[2024-11-20 13:52:32,041][absl][INFO] - Removing checkpoint at /data/tsoyda/RPG/master_thesis_taylan_soydan/event-ssm/outputs/2024-11-20-11-58-09/checkpoints/checkpoint_117000
[2024-11-20 14:09:27,368][absl][INFO] - Saving checkpoint at step: 139500
[2024-11-20 14:09:27,383][absl][INFO] - Using Orbax as backend to save Flax checkpoints. For potential troubleshooting see: https://flax.readthedocs.io/en/latest/guides/training_techniques/use_checkpointing.html#orbax-as-backend-troubleshooting
[2024-11-20 14:09:27,390][absl][INFO] - Saving checkpoint to /data/tsoyda/RPG/master_thesis_taylan_soydan/event-ssm/outputs/2024-11-20-11-58-09/checkpoints/checkpoint_139500.
[2024-11-20 14:09:27,390][absl][INFO] - Skipping global process sync, barrier name: create_tmp_directory:pre.checkpoint_139500
[2024-11-20 14:09:27,391][absl][INFO] - Failed to get flag value for EXPERIMENTAL_ORBAX_USE_DISTRIBUTED_PROCESS_ID.
[2024-11-20 14:09:27,392][absl][INFO] - Skipping global process sync, barrier name: create_tmp_directory:post.checkpoint_139500
[2024-11-20 14:09:27,532][absl][INFO] - Skipping global process sync, barrier name: Checkpointer:save.checkpoint_139500
[2024-11-20 14:09:27,534][absl][INFO] - Renaming /data/tsoyda/RPG/master_thesis_taylan_soydan/event-ssm/outputs/2024-11-20-11-58-09/checkpoints/checkpoint_139500.orbax-checkpoint-tmp-32 to /data/tsoyda/RPG/master_thesis_taylan_soydan/event-ssm/outputs/2024-11-20-11-58-09/checkpoints/checkpoint_139500
[2024-11-20 14:09:27,546][absl][INFO] - Finished saving checkpoint to `/data/tsoyda/RPG/master_thesis_taylan_soydan/event-ssm/outputs/2024-11-20-11-58-09/checkpoints/checkpoint_139500`.
[2024-11-20 14:09:27,547][absl][INFO] - Skipping global process sync, barrier name: Checkpointer:finalize.checkpoint_139500
[2024-11-20 14:09:27,548][absl][INFO] - Removing checkpoint at /data/tsoyda/RPG/master_thesis_taylan_soydan/event-ssm/outputs/2024-11-20-11-58-09/checkpoints/checkpoint_121500
[2024-11-20 14:15:46,914][absl][INFO] - Saving checkpoint at step: 146250
[2024-11-20 14:15:46,920][absl][INFO] - Using Orbax as backend to save Flax checkpoints. For potential troubleshooting see: https://flax.readthedocs.io/en/latest/guides/training_techniques/use_checkpointing.html#orbax-as-backend-troubleshooting
[2024-11-20 14:15:46,926][absl][INFO] - Saving checkpoint to /data/tsoyda/RPG/master_thesis_taylan_soydan/event-ssm/outputs/2024-11-20-11-58-09/checkpoints/checkpoint_146250.
[2024-11-20 14:15:46,927][absl][INFO] - Skipping global process sync, barrier name: create_tmp_directory:pre.checkpoint_146250
[2024-11-20 14:15:46,927][absl][INFO] - Failed to get flag value for EXPERIMENTAL_ORBAX_USE_DISTRIBUTED_PROCESS_ID.
[2024-11-20 14:15:46,929][absl][INFO] - Skipping global process sync, barrier name: create_tmp_directory:post.checkpoint_146250
[2024-11-20 14:15:47,066][absl][INFO] - Skipping global process sync, barrier name: Checkpointer:save.checkpoint_146250
[2024-11-20 14:15:47,068][absl][INFO] - Renaming /data/tsoyda/RPG/master_thesis_taylan_soydan/event-ssm/outputs/2024-11-20-11-58-09/checkpoints/checkpoint_146250.orbax-checkpoint-tmp-33 to /data/tsoyda/RPG/master_thesis_taylan_soydan/event-ssm/outputs/2024-11-20-11-58-09/checkpoints/checkpoint_146250
[2024-11-20 14:15:47,077][absl][INFO] - Finished saving checkpoint to `/data/tsoyda/RPG/master_thesis_taylan_soydan/event-ssm/outputs/2024-11-20-11-58-09/checkpoints/checkpoint_146250`.
[2024-11-20 14:15:47,077][absl][INFO] - Skipping global process sync, barrier name: Checkpointer:finalize.checkpoint_146250
[2024-11-20 14:15:47,078][absl][INFO] - Removing checkpoint at /data/tsoyda/RPG/master_thesis_taylan_soydan/event-ssm/outputs/2024-11-20-11-58-09/checkpoints/checkpoint_139500
[2024-11-20 14:49:29,868][absl][INFO] - Saving checkpoint at step: 182250
[2024-11-20 14:49:29,872][absl][INFO] - Using Orbax as backend to save Flax checkpoints. For potential troubleshooting see: https://flax.readthedocs.io/en/latest/guides/training_techniques/use_checkpointing.html#orbax-as-backend-troubleshooting
[2024-11-20 14:49:29,877][absl][INFO] - Saving checkpoint to /data/tsoyda/RPG/master_thesis_taylan_soydan/event-ssm/outputs/2024-11-20-11-58-09/checkpoints/checkpoint_182250.
[2024-11-20 14:49:29,877][absl][INFO] - Skipping global process sync, barrier name: create_tmp_directory:pre.checkpoint_182250
[2024-11-20 14:49:29,878][absl][INFO] - Failed to get flag value for EXPERIMENTAL_ORBAX_USE_DISTRIBUTED_PROCESS_ID.
[2024-11-20 14:49:29,879][absl][INFO] - Skipping global process sync, barrier name: create_tmp_directory:post.checkpoint_182250
[2024-11-20 14:49:30,019][absl][INFO] - Skipping global process sync, barrier name: Checkpointer:save.checkpoint_182250
[2024-11-20 14:49:30,022][absl][INFO] - Renaming /data/tsoyda/RPG/master_thesis_taylan_soydan/event-ssm/outputs/2024-11-20-11-58-09/checkpoints/checkpoint_182250.orbax-checkpoint-tmp-34 to /data/tsoyda/RPG/master_thesis_taylan_soydan/event-ssm/outputs/2024-11-20-11-58-09/checkpoints/checkpoint_182250
[2024-11-20 14:49:30,031][absl][INFO] - Finished saving checkpoint to `/data/tsoyda/RPG/master_thesis_taylan_soydan/event-ssm/outputs/2024-11-20-11-58-09/checkpoints/checkpoint_182250`.
[2024-11-20 14:49:30,032][absl][INFO] - Skipping global process sync, barrier name: Checkpointer:finalize.checkpoint_182250
[2024-11-20 14:49:30,033][absl][INFO] - Removing checkpoint at /data/tsoyda/RPG/master_thesis_taylan_soydan/event-ssm/outputs/2024-11-20-11-58-09/checkpoints/checkpoint_146250
[2024-11-20 14:57:56,989][absl][INFO] - Saving checkpoint at step: 191250
[2024-11-20 14:57:56,995][absl][INFO] - Using Orbax as backend to save Flax checkpoints. For potential troubleshooting see: https://flax.readthedocs.io/en/latest/guides/training_techniques/use_checkpointing.html#orbax-as-backend-troubleshooting
[2024-11-20 14:57:57,002][absl][INFO] - Saving checkpoint to /data/tsoyda/RPG/master_thesis_taylan_soydan/event-ssm/outputs/2024-11-20-11-58-09/checkpoints/checkpoint_191250.
[2024-11-20 14:57:57,003][absl][INFO] - Skipping global process sync, barrier name: create_tmp_directory:pre.checkpoint_191250
[2024-11-20 14:57:57,003][absl][INFO] - Failed to get flag value for EXPERIMENTAL_ORBAX_USE_DISTRIBUTED_PROCESS_ID.
[2024-11-20 14:57:57,004][absl][INFO] - Skipping global process sync, barrier name: create_tmp_directory:post.checkpoint_191250
[2024-11-20 14:57:57,142][absl][INFO] - Skipping global process sync, barrier name: Checkpointer:save.checkpoint_191250
[2024-11-20 14:57:57,145][absl][INFO] - Renaming /data/tsoyda/RPG/master_thesis_taylan_soydan/event-ssm/outputs/2024-11-20-11-58-09/checkpoints/checkpoint_191250.orbax-checkpoint-tmp-35 to /data/tsoyda/RPG/master_thesis_taylan_soydan/event-ssm/outputs/2024-11-20-11-58-09/checkpoints/checkpoint_191250
[2024-11-20 14:57:57,171][absl][INFO] - Finished saving checkpoint to `/data/tsoyda/RPG/master_thesis_taylan_soydan/event-ssm/outputs/2024-11-20-11-58-09/checkpoints/checkpoint_191250`.
[2024-11-20 14:57:57,172][absl][INFO] - Skipping global process sync, barrier name: Checkpointer:finalize.checkpoint_191250
[2024-11-20 14:57:57,173][absl][INFO] - Removing checkpoint at /data/tsoyda/RPG/master_thesis_taylan_soydan/event-ssm/outputs/2024-11-20-11-58-09/checkpoints/checkpoint_182250
[2024-11-20 15:00:02,700][absl][INFO] - Saving checkpoint at step: 193500
[2024-11-20 15:00:02,706][absl][INFO] - Using Orbax as backend to save Flax checkpoints. For potential troubleshooting see: https://flax.readthedocs.io/en/latest/guides/training_techniques/use_checkpointing.html#orbax-as-backend-troubleshooting
[2024-11-20 15:00:02,710][absl][INFO] - Saving checkpoint to /data/tsoyda/RPG/master_thesis_taylan_soydan/event-ssm/outputs/2024-11-20-11-58-09/checkpoints/checkpoint_193500.
[2024-11-20 15:00:02,711][absl][INFO] - Skipping global process sync, barrier name: create_tmp_directory:pre.checkpoint_193500
[2024-11-20 15:00:02,711][absl][INFO] - Failed to get flag value for EXPERIMENTAL_ORBAX_USE_DISTRIBUTED_PROCESS_ID.
[2024-11-20 15:00:02,713][absl][INFO] - Skipping global process sync, barrier name: create_tmp_directory:post.checkpoint_193500
[2024-11-20 15:00:02,847][absl][INFO] - Skipping global process sync, barrier name: Checkpointer:save.checkpoint_193500
[2024-11-20 15:00:02,851][absl][INFO] - Renaming /data/tsoyda/RPG/master_thesis_taylan_soydan/event-ssm/outputs/2024-11-20-11-58-09/checkpoints/checkpoint_193500.orbax-checkpoint-tmp-36 to /data/tsoyda/RPG/master_thesis_taylan_soydan/event-ssm/outputs/2024-11-20-11-58-09/checkpoints/checkpoint_193500
[2024-11-20 15:00:02,859][absl][INFO] - Finished saving checkpoint to `/data/tsoyda/RPG/master_thesis_taylan_soydan/event-ssm/outputs/2024-11-20-11-58-09/checkpoints/checkpoint_193500`.
[2024-11-20 15:00:02,860][absl][INFO] - Skipping global process sync, barrier name: Checkpointer:finalize.checkpoint_193500
[2024-11-20 15:00:02,860][absl][INFO] - Removing checkpoint at /data/tsoyda/RPG/master_thesis_taylan_soydan/event-ssm/outputs/2024-11-20-11-58-09/checkpoints/checkpoint_191250
[2024-11-20 15:04:16,310][absl][INFO] - Saving checkpoint at step: 198000
[2024-11-20 15:04:16,317][absl][INFO] - Using Orbax as backend to save Flax checkpoints. For potential troubleshooting see: https://flax.readthedocs.io/en/latest/guides/training_techniques/use_checkpointing.html#orbax-as-backend-troubleshooting
[2024-11-20 15:04:16,323][absl][INFO] - Saving checkpoint to /data/tsoyda/RPG/master_thesis_taylan_soydan/event-ssm/outputs/2024-11-20-11-58-09/checkpoints/checkpoint_198000.
[2024-11-20 15:04:16,324][absl][INFO] - Skipping global process sync, barrier name: create_tmp_directory:pre.checkpoint_198000
[2024-11-20 15:04:16,325][absl][INFO] - Failed to get flag value for EXPERIMENTAL_ORBAX_USE_DISTRIBUTED_PROCESS_ID.
[2024-11-20 15:04:16,326][absl][INFO] - Skipping global process sync, barrier name: create_tmp_directory:post.checkpoint_198000
[2024-11-20 15:04:16,504][absl][INFO] - Skipping global process sync, barrier name: Checkpointer:save.checkpoint_198000
[2024-11-20 15:04:16,506][absl][INFO] - Renaming /data/tsoyda/RPG/master_thesis_taylan_soydan/event-ssm/outputs/2024-11-20-11-58-09/checkpoints/checkpoint_198000.orbax-checkpoint-tmp-37 to /data/tsoyda/RPG/master_thesis_taylan_soydan/event-ssm/outputs/2024-11-20-11-58-09/checkpoints/checkpoint_198000
[2024-11-20 15:04:16,517][absl][INFO] - Finished saving checkpoint to `/data/tsoyda/RPG/master_thesis_taylan_soydan/event-ssm/outputs/2024-11-20-11-58-09/checkpoints/checkpoint_198000`.
[2024-11-20 15:04:16,517][absl][INFO] - Skipping global process sync, barrier name: Checkpointer:finalize.checkpoint_198000
[2024-11-20 15:04:16,518][absl][INFO] - Removing checkpoint at /data/tsoyda/RPG/master_thesis_taylan_soydan/event-ssm/outputs/2024-11-20-11-58-09/checkpoints/checkpoint_193500
[2024-11-20 15:06:22,820][absl][INFO] - Saving checkpoint at step: 200250
[2024-11-20 15:06:22,822][absl][INFO] - Using Orbax as backend to save Flax checkpoints. For potential troubleshooting see: https://flax.readthedocs.io/en/latest/guides/training_techniques/use_checkpointing.html#orbax-as-backend-troubleshooting
[2024-11-20 15:06:22,827][absl][INFO] - Saving checkpoint to /data/tsoyda/RPG/master_thesis_taylan_soydan/event-ssm/outputs/2024-11-20-11-58-09/checkpoints/checkpoint_200250.
[2024-11-20 15:06:22,827][absl][INFO] - Skipping global process sync, barrier name: create_tmp_directory:pre.checkpoint_200250
[2024-11-20 15:06:22,827][absl][INFO] - Failed to get flag value for EXPERIMENTAL_ORBAX_USE_DISTRIBUTED_PROCESS_ID.
[2024-11-20 15:06:22,829][absl][INFO] - Skipping global process sync, barrier name: create_tmp_directory:post.checkpoint_200250
[2024-11-20 15:06:22,971][absl][INFO] - Skipping global process sync, barrier name: Checkpointer:save.checkpoint_200250
[2024-11-20 15:06:22,974][absl][INFO] - Renaming /data/tsoyda/RPG/master_thesis_taylan_soydan/event-ssm/outputs/2024-11-20-11-58-09/checkpoints/checkpoint_200250.orbax-checkpoint-tmp-38 to /data/tsoyda/RPG/master_thesis_taylan_soydan/event-ssm/outputs/2024-11-20-11-58-09/checkpoints/checkpoint_200250
[2024-11-20 15:06:22,986][absl][INFO] - Finished saving checkpoint to `/data/tsoyda/RPG/master_thesis_taylan_soydan/event-ssm/outputs/2024-11-20-11-58-09/checkpoints/checkpoint_200250`.
[2024-11-20 15:06:22,986][absl][INFO] - Skipping global process sync, barrier name: Checkpointer:finalize.checkpoint_200250
[2024-11-20 15:06:22,987][absl][INFO] - Removing checkpoint at /data/tsoyda/RPG/master_thesis_taylan_soydan/event-ssm/outputs/2024-11-20-11-58-09/checkpoints/checkpoint_198000
[2024-11-20 15:31:38,576][absl][INFO] - Saving checkpoint at step: 227250
[2024-11-20 15:31:38,583][absl][INFO] - Using Orbax as backend to save Flax checkpoints. For potential troubleshooting see: https://flax.readthedocs.io/en/latest/guides/training_techniques/use_checkpointing.html#orbax-as-backend-troubleshooting
[2024-11-20 15:31:38,587][absl][INFO] - Saving checkpoint to /data/tsoyda/RPG/master_thesis_taylan_soydan/event-ssm/outputs/2024-11-20-11-58-09/checkpoints/checkpoint_227250.
[2024-11-20 15:31:38,588][absl][INFO] - Skipping global process sync, barrier name: create_tmp_directory:pre.checkpoint_227250
[2024-11-20 15:31:38,588][absl][INFO] - Failed to get flag value for EXPERIMENTAL_ORBAX_USE_DISTRIBUTED_PROCESS_ID.
[2024-11-20 15:31:38,590][absl][INFO] - Skipping global process sync, barrier name: create_tmp_directory:post.checkpoint_227250
[2024-11-20 15:31:38,728][absl][INFO] - Skipping global process sync, barrier name: Checkpointer:save.checkpoint_227250
[2024-11-20 15:31:38,732][absl][INFO] - Renaming /data/tsoyda/RPG/master_thesis_taylan_soydan/event-ssm/outputs/2024-11-20-11-58-09/checkpoints/checkpoint_227250.orbax-checkpoint-tmp-39 to /data/tsoyda/RPG/master_thesis_taylan_soydan/event-ssm/outputs/2024-11-20-11-58-09/checkpoints/checkpoint_227250
[2024-11-20 15:31:38,741][absl][INFO] - Finished saving checkpoint to `/data/tsoyda/RPG/master_thesis_taylan_soydan/event-ssm/outputs/2024-11-20-11-58-09/checkpoints/checkpoint_227250`.
[2024-11-20 15:31:38,741][absl][INFO] - Skipping global process sync, barrier name: Checkpointer:finalize.checkpoint_227250
[2024-11-20 15:31:38,742][absl][INFO] - Removing checkpoint at /data/tsoyda/RPG/master_thesis_taylan_soydan/event-ssm/outputs/2024-11-20-11-58-09/checkpoints/checkpoint_200250
[2024-11-20 15:35:51,878][absl][INFO] - Saving checkpoint at step: 231750
[2024-11-20 15:35:51,884][absl][INFO] - Using Orbax as backend to save Flax checkpoints. For potential troubleshooting see: https://flax.readthedocs.io/en/latest/guides/training_techniques/use_checkpointing.html#orbax-as-backend-troubleshooting
[2024-11-20 15:35:51,889][absl][INFO] - Saving checkpoint to /data/tsoyda/RPG/master_thesis_taylan_soydan/event-ssm/outputs/2024-11-20-11-58-09/checkpoints/checkpoint_231750.
[2024-11-20 15:35:51,890][absl][INFO] - Skipping global process sync, barrier name: create_tmp_directory:pre.checkpoint_231750
[2024-11-20 15:35:51,890][absl][INFO] - Failed to get flag value for EXPERIMENTAL_ORBAX_USE_DISTRIBUTED_PROCESS_ID.
[2024-11-20 15:35:51,892][absl][INFO] - Skipping global process sync, barrier name: create_tmp_directory:post.checkpoint_231750
[2024-11-20 15:35:52,467][absl][INFO] - Skipping global process sync, barrier name: Checkpointer:save.checkpoint_231750
[2024-11-20 15:35:52,469][absl][INFO] - Renaming /data/tsoyda/RPG/master_thesis_taylan_soydan/event-ssm/outputs/2024-11-20-11-58-09/checkpoints/checkpoint_231750.orbax-checkpoint-tmp-40 to /data/tsoyda/RPG/master_thesis_taylan_soydan/event-ssm/outputs/2024-11-20-11-58-09/checkpoints/checkpoint_231750
[2024-11-20 15:35:52,478][absl][INFO] - Finished saving checkpoint to `/data/tsoyda/RPG/master_thesis_taylan_soydan/event-ssm/outputs/2024-11-20-11-58-09/checkpoints/checkpoint_231750`.
[2024-11-20 15:35:52,479][absl][INFO] - Skipping global process sync, barrier name: Checkpointer:finalize.checkpoint_231750
[2024-11-20 15:35:52,480][absl][INFO] - Removing checkpoint at /data/tsoyda/RPG/master_thesis_taylan_soydan/event-ssm/outputs/2024-11-20-11-58-09/checkpoints/checkpoint_227250
[2024-11-20 16:01:16,010][absl][INFO] - Saving checkpoint at step: 258750
[2024-11-20 16:01:16,016][absl][INFO] - Using Orbax as backend to save Flax checkpoints. For potential troubleshooting see: https://flax.readthedocs.io/en/latest/guides/training_techniques/use_checkpointing.html#orbax-as-backend-troubleshooting
[2024-11-20 16:01:16,021][absl][INFO] - Saving checkpoint to /data/tsoyda/RPG/master_thesis_taylan_soydan/event-ssm/outputs/2024-11-20-11-58-09/checkpoints/checkpoint_258750.
[2024-11-20 16:01:16,022][absl][INFO] - Skipping global process sync, barrier name: create_tmp_directory:pre.checkpoint_258750
[2024-11-20 16:01:16,022][absl][INFO] - Failed to get flag value for EXPERIMENTAL_ORBAX_USE_DISTRIBUTED_PROCESS_ID.
[2024-11-20 16:01:16,024][absl][INFO] - Skipping global process sync, barrier name: create_tmp_directory:post.checkpoint_258750
[2024-11-20 16:01:16,171][absl][INFO] - Skipping global process sync, barrier name: Checkpointer:save.checkpoint_258750
[2024-11-20 16:01:16,173][absl][INFO] - Renaming /data/tsoyda/RPG/master_thesis_taylan_soydan/event-ssm/outputs/2024-11-20-11-58-09/checkpoints/checkpoint_258750.orbax-checkpoint-tmp-41 to /data/tsoyda/RPG/master_thesis_taylan_soydan/event-ssm/outputs/2024-11-20-11-58-09/checkpoints/checkpoint_258750
[2024-11-20 16:01:16,181][absl][INFO] - Finished saving checkpoint to `/data/tsoyda/RPG/master_thesis_taylan_soydan/event-ssm/outputs/2024-11-20-11-58-09/checkpoints/checkpoint_258750`.
[2024-11-20 16:01:16,181][absl][INFO] - Skipping global process sync, barrier name: Checkpointer:finalize.checkpoint_258750
[2024-11-20 16:01:16,182][absl][INFO] - Removing checkpoint at /data/tsoyda/RPG/master_thesis_taylan_soydan/event-ssm/outputs/2024-11-20-11-58-09/checkpoints/checkpoint_231750
[2024-11-20 16:11:50,547][absl][INFO] - Saving checkpoint at step: 270000
[2024-11-20 16:11:50,556][absl][INFO] - Using Orbax as backend to save Flax checkpoints. For potential troubleshooting see: https://flax.readthedocs.io/en/latest/guides/training_techniques/use_checkpointing.html#orbax-as-backend-troubleshooting
[2024-11-20 16:11:50,563][absl][INFO] - Saving checkpoint to /data/tsoyda/RPG/master_thesis_taylan_soydan/event-ssm/outputs/2024-11-20-11-58-09/checkpoints/checkpoint_270000.
[2024-11-20 16:11:50,564][absl][INFO] - Skipping global process sync, barrier name: create_tmp_directory:pre.checkpoint_270000
[2024-11-20 16:11:50,564][absl][INFO] - Failed to get flag value for EXPERIMENTAL_ORBAX_USE_DISTRIBUTED_PROCESS_ID.
[2024-11-20 16:11:50,566][absl][INFO] - Skipping global process sync, barrier name: create_tmp_directory:post.checkpoint_270000
[2024-11-20 16:11:50,714][absl][INFO] - Skipping global process sync, barrier name: Checkpointer:save.checkpoint_270000
[2024-11-20 16:11:50,717][absl][INFO] - Renaming /data/tsoyda/RPG/master_thesis_taylan_soydan/event-ssm/outputs/2024-11-20-11-58-09/checkpoints/checkpoint_270000.orbax-checkpoint-tmp-42 to /data/tsoyda/RPG/master_thesis_taylan_soydan/event-ssm/outputs/2024-11-20-11-58-09/checkpoints/checkpoint_270000
[2024-11-20 16:11:50,726][absl][INFO] - Finished saving checkpoint to `/data/tsoyda/RPG/master_thesis_taylan_soydan/event-ssm/outputs/2024-11-20-11-58-09/checkpoints/checkpoint_270000`.
[2024-11-20 16:11:50,727][absl][INFO] - Skipping global process sync, barrier name: Checkpointer:finalize.checkpoint_270000
[2024-11-20 16:11:50,728][absl][INFO] - Removing checkpoint at /data/tsoyda/RPG/master_thesis_taylan_soydan/event-ssm/outputs/2024-11-20-11-58-09/checkpoints/checkpoint_258750
[2024-11-20 16:22:21,971][absl][INFO] - Saving checkpoint at step: 281250
[2024-11-20 16:22:21,978][absl][INFO] - Using Orbax as backend to save Flax checkpoints. For potential troubleshooting see: https://flax.readthedocs.io/en/latest/guides/training_techniques/use_checkpointing.html#orbax-as-backend-troubleshooting
[2024-11-20 16:22:21,983][absl][INFO] - Saving checkpoint to /data/tsoyda/RPG/master_thesis_taylan_soydan/event-ssm/outputs/2024-11-20-11-58-09/checkpoints/checkpoint_281250.
[2024-11-20 16:22:21,984][absl][INFO] - Skipping global process sync, barrier name: create_tmp_directory:pre.checkpoint_281250
[2024-11-20 16:22:21,984][absl][INFO] - Failed to get flag value for EXPERIMENTAL_ORBAX_USE_DISTRIBUTED_PROCESS_ID.
[2024-11-20 16:22:21,986][absl][INFO] - Skipping global process sync, barrier name: create_tmp_directory:post.checkpoint_281250
[2024-11-20 16:22:22,115][absl][INFO] - Skipping global process sync, barrier name: Checkpointer:save.checkpoint_281250
[2024-11-20 16:22:22,118][absl][INFO] - Renaming /data/tsoyda/RPG/master_thesis_taylan_soydan/event-ssm/outputs/2024-11-20-11-58-09/checkpoints/checkpoint_281250.orbax-checkpoint-tmp-43 to /data/tsoyda/RPG/master_thesis_taylan_soydan/event-ssm/outputs/2024-11-20-11-58-09/checkpoints/checkpoint_281250
[2024-11-20 16:22:22,129][absl][INFO] - Finished saving checkpoint to `/data/tsoyda/RPG/master_thesis_taylan_soydan/event-ssm/outputs/2024-11-20-11-58-09/checkpoints/checkpoint_281250`.
[2024-11-20 16:22:22,130][absl][INFO] - Skipping global process sync, barrier name: Checkpointer:finalize.checkpoint_281250
[2024-11-20 16:22:22,131][absl][INFO] - Removing checkpoint at /data/tsoyda/RPG/master_thesis_taylan_soydan/event-ssm/outputs/2024-11-20-11-58-09/checkpoints/checkpoint_270000
[2024-11-20 16:26:31,430][absl][INFO] - Saving checkpoint at step: 285750
[2024-11-20 16:26:31,436][absl][INFO] - Using Orbax as backend to save Flax checkpoints. For potential troubleshooting see: https://flax.readthedocs.io/en/latest/guides/training_techniques/use_checkpointing.html#orbax-as-backend-troubleshooting
[2024-11-20 16:26:31,440][absl][INFO] - Saving checkpoint to /data/tsoyda/RPG/master_thesis_taylan_soydan/event-ssm/outputs/2024-11-20-11-58-09/checkpoints/checkpoint_285750.
[2024-11-20 16:26:31,441][absl][INFO] - Skipping global process sync, barrier name: create_tmp_directory:pre.checkpoint_285750
[2024-11-20 16:26:31,441][absl][INFO] - Failed to get flag value for EXPERIMENTAL_ORBAX_USE_DISTRIBUTED_PROCESS_ID.
[2024-11-20 16:26:31,443][absl][INFO] - Skipping global process sync, barrier name: create_tmp_directory:post.checkpoint_285750
[2024-11-20 16:26:31,620][absl][INFO] - Skipping global process sync, barrier name: Checkpointer:save.checkpoint_285750
[2024-11-20 16:26:31,623][absl][INFO] - Renaming /data/tsoyda/RPG/master_thesis_taylan_soydan/event-ssm/outputs/2024-11-20-11-58-09/checkpoints/checkpoint_285750.orbax-checkpoint-tmp-44 to /data/tsoyda/RPG/master_thesis_taylan_soydan/event-ssm/outputs/2024-11-20-11-58-09/checkpoints/checkpoint_285750
[2024-11-20 16:26:31,636][absl][INFO] - Finished saving checkpoint to `/data/tsoyda/RPG/master_thesis_taylan_soydan/event-ssm/outputs/2024-11-20-11-58-09/checkpoints/checkpoint_285750`.
[2024-11-20 16:26:31,637][absl][INFO] - Skipping global process sync, barrier name: Checkpointer:finalize.checkpoint_285750
[2024-11-20 16:26:31,638][absl][INFO] - Removing checkpoint at /data/tsoyda/RPG/master_thesis_taylan_soydan/event-ssm/outputs/2024-11-20-11-58-09/checkpoints/checkpoint_281250
[2024-11-20 16:38:58,695][absl][INFO] - Saving checkpoint at step: 299250
[2024-11-20 16:38:58,701][absl][INFO] - Using Orbax as backend to save Flax checkpoints. For potential troubleshooting see: https://flax.readthedocs.io/en/latest/guides/training_techniques/use_checkpointing.html#orbax-as-backend-troubleshooting
[2024-11-20 16:38:58,706][absl][INFO] - Saving checkpoint to /data/tsoyda/RPG/master_thesis_taylan_soydan/event-ssm/outputs/2024-11-20-11-58-09/checkpoints/checkpoint_299250.
[2024-11-20 16:38:58,706][absl][INFO] - Skipping global process sync, barrier name: create_tmp_directory:pre.checkpoint_299250
[2024-11-20 16:38:58,707][absl][INFO] - Failed to get flag value for EXPERIMENTAL_ORBAX_USE_DISTRIBUTED_PROCESS_ID.
[2024-11-20 16:38:58,708][absl][INFO] - Skipping global process sync, barrier name: create_tmp_directory:post.checkpoint_299250
[2024-11-20 16:38:58,863][absl][INFO] - Skipping global process sync, barrier name: Checkpointer:save.checkpoint_299250
[2024-11-20 16:38:58,866][absl][INFO] - Renaming /data/tsoyda/RPG/master_thesis_taylan_soydan/event-ssm/outputs/2024-11-20-11-58-09/checkpoints/checkpoint_299250.orbax-checkpoint-tmp-45 to /data/tsoyda/RPG/master_thesis_taylan_soydan/event-ssm/outputs/2024-11-20-11-58-09/checkpoints/checkpoint_299250
[2024-11-20 16:38:58,877][absl][INFO] - Finished saving checkpoint to `/data/tsoyda/RPG/master_thesis_taylan_soydan/event-ssm/outputs/2024-11-20-11-58-09/checkpoints/checkpoint_299250`.
[2024-11-20 16:38:58,877][absl][INFO] - Skipping global process sync, barrier name: Checkpointer:finalize.checkpoint_299250
[2024-11-20 16:38:58,878][absl][INFO] - Removing checkpoint at /data/tsoyda/RPG/master_thesis_taylan_soydan/event-ssm/outputs/2024-11-20-11-58-09/checkpoints/checkpoint_285750
[2024-11-20 17:14:19,942][absl][INFO] - Saving checkpoint at step: 337500
[2024-11-20 17:14:19,951][absl][INFO] - Using Orbax as backend to save Flax checkpoints. For potential troubleshooting see: https://flax.readthedocs.io/en/latest/guides/training_techniques/use_checkpointing.html#orbax-as-backend-troubleshooting
[2024-11-20 17:14:19,956][absl][INFO] - Saving checkpoint to /data/tsoyda/RPG/master_thesis_taylan_soydan/event-ssm/outputs/2024-11-20-11-58-09/checkpoints/checkpoint_337500.
[2024-11-20 17:14:19,957][absl][INFO] - Skipping global process sync, barrier name: create_tmp_directory:pre.checkpoint_337500
[2024-11-20 17:14:19,957][absl][INFO] - Failed to get flag value for EXPERIMENTAL_ORBAX_USE_DISTRIBUTED_PROCESS_ID.
[2024-11-20 17:14:19,959][absl][INFO] - Skipping global process sync, barrier name: create_tmp_directory:post.checkpoint_337500
[2024-11-20 17:14:20,099][absl][INFO] - Skipping global process sync, barrier name: Checkpointer:save.checkpoint_337500
[2024-11-20 17:14:20,102][absl][INFO] - Renaming /data/tsoyda/RPG/master_thesis_taylan_soydan/event-ssm/outputs/2024-11-20-11-58-09/checkpoints/checkpoint_337500.orbax-checkpoint-tmp-46 to /data/tsoyda/RPG/master_thesis_taylan_soydan/event-ssm/outputs/2024-11-20-11-58-09/checkpoints/checkpoint_337500
[2024-11-20 17:14:20,113][absl][INFO] - Finished saving checkpoint to `/data/tsoyda/RPG/master_thesis_taylan_soydan/event-ssm/outputs/2024-11-20-11-58-09/checkpoints/checkpoint_337500`.
[2024-11-20 17:14:20,114][absl][INFO] - Skipping global process sync, barrier name: Checkpointer:finalize.checkpoint_337500
[2024-11-20 17:14:20,115][absl][INFO] - Removing checkpoint at /data/tsoyda/RPG/master_thesis_taylan_soydan/event-ssm/outputs/2024-11-20-11-58-09/checkpoints/checkpoint_299250
[2024-11-20 17:18:30,022][absl][INFO] - Saving checkpoint at step: 342000
[2024-11-20 17:18:30,028][absl][INFO] - Using Orbax as backend to save Flax checkpoints. For potential troubleshooting see: https://flax.readthedocs.io/en/latest/guides/training_techniques/use_checkpointing.html#orbax-as-backend-troubleshooting
[2024-11-20 17:18:30,033][absl][INFO] - Saving checkpoint to /data/tsoyda/RPG/master_thesis_taylan_soydan/event-ssm/outputs/2024-11-20-11-58-09/checkpoints/checkpoint_342000.
[2024-11-20 17:18:30,034][absl][INFO] - Skipping global process sync, barrier name: create_tmp_directory:pre.checkpoint_342000
[2024-11-20 17:18:30,034][absl][INFO] - Failed to get flag value for EXPERIMENTAL_ORBAX_USE_DISTRIBUTED_PROCESS_ID.
[2024-11-20 17:18:30,036][absl][INFO] - Skipping global process sync, barrier name: create_tmp_directory:post.checkpoint_342000
[2024-11-20 17:18:30,190][absl][INFO] - Skipping global process sync, barrier name: Checkpointer:save.checkpoint_342000
[2024-11-20 17:18:30,192][absl][INFO] - Renaming /data/tsoyda/RPG/master_thesis_taylan_soydan/event-ssm/outputs/2024-11-20-11-58-09/checkpoints/checkpoint_342000.orbax-checkpoint-tmp-47 to /data/tsoyda/RPG/master_thesis_taylan_soydan/event-ssm/outputs/2024-11-20-11-58-09/checkpoints/checkpoint_342000
[2024-11-20 17:18:30,200][absl][INFO] - Finished saving checkpoint to `/data/tsoyda/RPG/master_thesis_taylan_soydan/event-ssm/outputs/2024-11-20-11-58-09/checkpoints/checkpoint_342000`.
[2024-11-20 17:18:30,200][absl][INFO] - Skipping global process sync, barrier name: Checkpointer:finalize.checkpoint_342000
[2024-11-20 17:18:30,201][absl][INFO] - Removing checkpoint at /data/tsoyda/RPG/master_thesis_taylan_soydan/event-ssm/outputs/2024-11-20-11-58-09/checkpoints/checkpoint_337500
[2024-11-20 17:22:39,376][absl][INFO] - Saving checkpoint at step: 346500
[2024-11-20 17:22:39,419][absl][INFO] - Using Orbax as backend to save Flax checkpoints. For potential troubleshooting see: https://flax.readthedocs.io/en/latest/guides/training_techniques/use_checkpointing.html#orbax-as-backend-troubleshooting
[2024-11-20 17:22:39,425][absl][INFO] - Saving checkpoint to /data/tsoyda/RPG/master_thesis_taylan_soydan/event-ssm/outputs/2024-11-20-11-58-09/checkpoints/checkpoint_346500.
[2024-11-20 17:22:39,426][absl][INFO] - Skipping global process sync, barrier name: create_tmp_directory:pre.checkpoint_346500
[2024-11-20 17:22:39,427][absl][INFO] - Failed to get flag value for EXPERIMENTAL_ORBAX_USE_DISTRIBUTED_PROCESS_ID.
[2024-11-20 17:22:39,429][absl][INFO] - Skipping global process sync, barrier name: create_tmp_directory:post.checkpoint_346500
[2024-11-20 17:22:39,597][absl][INFO] - Skipping global process sync, barrier name: Checkpointer:save.checkpoint_346500
[2024-11-20 17:22:39,603][absl][INFO] - Renaming /data/tsoyda/RPG/master_thesis_taylan_soydan/event-ssm/outputs/2024-11-20-11-58-09/checkpoints/checkpoint_346500.orbax-checkpoint-tmp-48 to /data/tsoyda/RPG/master_thesis_taylan_soydan/event-ssm/outputs/2024-11-20-11-58-09/checkpoints/checkpoint_346500
[2024-11-20 17:22:39,623][absl][INFO] - Finished saving checkpoint to `/data/tsoyda/RPG/master_thesis_taylan_soydan/event-ssm/outputs/2024-11-20-11-58-09/checkpoints/checkpoint_346500`.
[2024-11-20 17:22:39,624][absl][INFO] - Skipping global process sync, barrier name: Checkpointer:finalize.checkpoint_346500
[2024-11-20 17:22:39,626][absl][INFO] - Removing checkpoint at /data/tsoyda/RPG/master_thesis_taylan_soydan/event-ssm/outputs/2024-11-20-11-58-09/checkpoints/checkpoint_342000
[2024-11-20 17:28:53,629][absl][INFO] - Saving checkpoint at step: 353250
[2024-11-20 17:28:53,636][absl][INFO] - Using Orbax as backend to save Flax checkpoints. For potential troubleshooting see: https://flax.readthedocs.io/en/latest/guides/training_techniques/use_checkpointing.html#orbax-as-backend-troubleshooting
[2024-11-20 17:28:53,641][absl][INFO] - Saving checkpoint to /data/tsoyda/RPG/master_thesis_taylan_soydan/event-ssm/outputs/2024-11-20-11-58-09/checkpoints/checkpoint_353250.
[2024-11-20 17:28:53,642][absl][INFO] - Skipping global process sync, barrier name: create_tmp_directory:pre.checkpoint_353250
[2024-11-20 17:28:53,642][absl][INFO] - Failed to get flag value for EXPERIMENTAL_ORBAX_USE_DISTRIBUTED_PROCESS_ID.
[2024-11-20 17:28:53,644][absl][INFO] - Skipping global process sync, barrier name: create_tmp_directory:post.checkpoint_353250
[2024-11-20 17:28:53,810][absl][INFO] - Skipping global process sync, barrier name: Checkpointer:save.checkpoint_353250
[2024-11-20 17:28:53,812][absl][INFO] - Renaming /data/tsoyda/RPG/master_thesis_taylan_soydan/event-ssm/outputs/2024-11-20-11-58-09/checkpoints/checkpoint_353250.orbax-checkpoint-tmp-49 to /data/tsoyda/RPG/master_thesis_taylan_soydan/event-ssm/outputs/2024-11-20-11-58-09/checkpoints/checkpoint_353250
[2024-11-20 17:28:53,823][absl][INFO] - Finished saving checkpoint to `/data/tsoyda/RPG/master_thesis_taylan_soydan/event-ssm/outputs/2024-11-20-11-58-09/checkpoints/checkpoint_353250`.
[2024-11-20 17:28:53,823][absl][INFO] - Skipping global process sync, barrier name: Checkpointer:finalize.checkpoint_353250
[2024-11-20 17:28:53,824][absl][INFO] - Removing checkpoint at /data/tsoyda/RPG/master_thesis_taylan_soydan/event-ssm/outputs/2024-11-20-11-58-09/checkpoints/checkpoint_346500
[2024-11-20 18:18:53,020][absl][INFO] - Saving checkpoint at step: 407250
[2024-11-20 18:18:53,028][absl][INFO] - Using Orbax as backend to save Flax checkpoints. For potential troubleshooting see: https://flax.readthedocs.io/en/latest/guides/training_techniques/use_checkpointing.html#orbax-as-backend-troubleshooting
[2024-11-20 18:18:53,034][absl][INFO] - Saving checkpoint to /data/tsoyda/RPG/master_thesis_taylan_soydan/event-ssm/outputs/2024-11-20-11-58-09/checkpoints/checkpoint_407250.
[2024-11-20 18:18:53,035][absl][INFO] - Skipping global process sync, barrier name: create_tmp_directory:pre.checkpoint_407250
[2024-11-20 18:18:53,036][absl][INFO] - Failed to get flag value for EXPERIMENTAL_ORBAX_USE_DISTRIBUTED_PROCESS_ID.
[2024-11-20 18:18:53,038][absl][INFO] - Wrote CheckpointMetadata=CheckpointMetadata(init_timestamp_nsecs=1732123133037124118, commit_timestamp_nsecs=None), json={"init_timestamp_nsecs": 1732123133037124118, "commit_timestamp_nsecs": null} to /data/tsoyda/RPG/master_thesis_taylan_soydan/event-ssm/outputs/2024-11-20-11-58-09/checkpoints/checkpoint_407250.orbax-checkpoint-tmp-50
[2024-11-20 18:18:53,038][absl][INFO] - Skipping global process sync, barrier name: create_tmp_directory:post.checkpoint_407250
[2024-11-20 18:18:53,203][absl][INFO] - Skipping global process sync, barrier name: Checkpointer:save.checkpoint_407250
[2024-11-20 18:18:53,205][absl][INFO] - Renaming /data/tsoyda/RPG/master_thesis_taylan_soydan/event-ssm/outputs/2024-11-20-11-58-09/checkpoints/checkpoint_407250.orbax-checkpoint-tmp-50 to /data/tsoyda/RPG/master_thesis_taylan_soydan/event-ssm/outputs/2024-11-20-11-58-09/checkpoints/checkpoint_407250
[2024-11-20 18:18:53,215][absl][INFO] - Finished saving checkpoint to `/data/tsoyda/RPG/master_thesis_taylan_soydan/event-ssm/outputs/2024-11-20-11-58-09/checkpoints/checkpoint_407250`.
[2024-11-20 18:18:53,215][absl][INFO] - Skipping global process sync, barrier name: Checkpointer:finalize.checkpoint_407250
[2024-11-20 18:18:53,216][absl][INFO] - Removing checkpoint at /data/tsoyda/RPG/master_thesis_taylan_soydan/event-ssm/outputs/2024-11-20-11-58-09/checkpoints/checkpoint_353250
[2024-11-20 18:20:58,242][absl][INFO] - Saving checkpoint at step: 409500
[2024-11-20 18:20:58,249][absl][INFO] - Using Orbax as backend to save Flax checkpoints. For potential troubleshooting see: https://flax.readthedocs.io/en/latest/guides/training_techniques/use_checkpointing.html#orbax-as-backend-troubleshooting
[2024-11-20 18:20:58,254][absl][INFO] - Saving checkpoint to /data/tsoyda/RPG/master_thesis_taylan_soydan/event-ssm/outputs/2024-11-20-11-58-09/checkpoints/checkpoint_409500.
[2024-11-20 18:20:58,255][absl][INFO] - Skipping global process sync, barrier name: create_tmp_directory:pre.checkpoint_409500
[2024-11-20 18:20:58,255][absl][INFO] - Failed to get flag value for EXPERIMENTAL_ORBAX_USE_DISTRIBUTED_PROCESS_ID.
[2024-11-20 18:20:58,257][absl][INFO] - Skipping global process sync, barrier name: create_tmp_directory:post.checkpoint_409500
[2024-11-20 18:20:58,391][absl][INFO] - Skipping global process sync, barrier name: Checkpointer:save.checkpoint_409500
[2024-11-20 18:20:58,393][absl][INFO] - Renaming /data/tsoyda/RPG/master_thesis_taylan_soydan/event-ssm/outputs/2024-11-20-11-58-09/checkpoints/checkpoint_409500.orbax-checkpoint-tmp-51 to /data/tsoyda/RPG/master_thesis_taylan_soydan/event-ssm/outputs/2024-11-20-11-58-09/checkpoints/checkpoint_409500
[2024-11-20 18:20:58,407][absl][INFO] - Finished saving checkpoint to `/data/tsoyda/RPG/master_thesis_taylan_soydan/event-ssm/outputs/2024-11-20-11-58-09/checkpoints/checkpoint_409500`.
[2024-11-20 18:20:58,407][absl][INFO] - Skipping global process sync, barrier name: Checkpointer:finalize.checkpoint_409500
[2024-11-20 18:20:58,408][absl][INFO] - Removing checkpoint at /data/tsoyda/RPG/master_thesis_taylan_soydan/event-ssm/outputs/2024-11-20-11-58-09/checkpoints/checkpoint_407250
[2024-11-20 18:25:07,680][absl][INFO] - Saving checkpoint at step: 414000
[2024-11-20 18:25:07,686][absl][INFO] - Using Orbax as backend to save Flax checkpoints. For potential troubleshooting see: https://flax.readthedocs.io/en/latest/guides/training_techniques/use_checkpointing.html#orbax-as-backend-troubleshooting
[2024-11-20 18:25:07,691][absl][INFO] - Saving checkpoint to /data/tsoyda/RPG/master_thesis_taylan_soydan/event-ssm/outputs/2024-11-20-11-58-09/checkpoints/checkpoint_414000.
[2024-11-20 18:25:07,692][absl][INFO] - Skipping global process sync, barrier name: create_tmp_directory:pre.checkpoint_414000
[2024-11-20 18:25:07,692][absl][INFO] - Failed to get flag value for EXPERIMENTAL_ORBAX_USE_DISTRIBUTED_PROCESS_ID.
[2024-11-20 18:25:07,694][absl][INFO] - Skipping global process sync, barrier name: create_tmp_directory:post.checkpoint_414000
[2024-11-20 18:25:07,847][absl][INFO] - Skipping global process sync, barrier name: Checkpointer:save.checkpoint_414000
[2024-11-20 18:25:07,850][absl][INFO] - Renaming /data/tsoyda/RPG/master_thesis_taylan_soydan/event-ssm/outputs/2024-11-20-11-58-09/checkpoints/checkpoint_414000.orbax-checkpoint-tmp-52 to /data/tsoyda/RPG/master_thesis_taylan_soydan/event-ssm/outputs/2024-11-20-11-58-09/checkpoints/checkpoint_414000
[2024-11-20 18:25:07,861][absl][INFO] - Finished saving checkpoint to `/data/tsoyda/RPG/master_thesis_taylan_soydan/event-ssm/outputs/2024-11-20-11-58-09/checkpoints/checkpoint_414000`.
[2024-11-20 18:25:07,861][absl][INFO] - Skipping global process sync, barrier name: Checkpointer:finalize.checkpoint_414000
[2024-11-20 18:25:07,863][absl][INFO] - Removing checkpoint at /data/tsoyda/RPG/master_thesis_taylan_soydan/event-ssm/outputs/2024-11-20-11-58-09/checkpoints/checkpoint_409500
[2024-11-20 18:29:16,363][absl][INFO] - Saving checkpoint at step: 418500
[2024-11-20 18:29:16,374][absl][INFO] - Using Orbax as backend to save Flax checkpoints. For potential troubleshooting see: https://flax.readthedocs.io/en/latest/guides/training_techniques/use_checkpointing.html#orbax-as-backend-troubleshooting
[2024-11-20 18:29:16,378][absl][INFO] - Saving checkpoint to /data/tsoyda/RPG/master_thesis_taylan_soydan/event-ssm/outputs/2024-11-20-11-58-09/checkpoints/checkpoint_418500.
[2024-11-20 18:29:16,379][absl][INFO] - Skipping global process sync, barrier name: create_tmp_directory:pre.checkpoint_418500
[2024-11-20 18:29:16,379][absl][INFO] - Failed to get flag value for EXPERIMENTAL_ORBAX_USE_DISTRIBUTED_PROCESS_ID.
[2024-11-20 18:29:16,381][absl][INFO] - Skipping global process sync, barrier name: create_tmp_directory:post.checkpoint_418500
[2024-11-20 18:29:16,513][absl][INFO] - Skipping global process sync, barrier name: Checkpointer:save.checkpoint_418500
[2024-11-20 18:29:16,515][absl][INFO] - Renaming /data/tsoyda/RPG/master_thesis_taylan_soydan/event-ssm/outputs/2024-11-20-11-58-09/checkpoints/checkpoint_418500.orbax-checkpoint-tmp-53 to /data/tsoyda/RPG/master_thesis_taylan_soydan/event-ssm/outputs/2024-11-20-11-58-09/checkpoints/checkpoint_418500
[2024-11-20 18:29:16,526][absl][INFO] - Finished saving checkpoint to `/data/tsoyda/RPG/master_thesis_taylan_soydan/event-ssm/outputs/2024-11-20-11-58-09/checkpoints/checkpoint_418500`.
[2024-11-20 18:29:16,526][absl][INFO] - Skipping global process sync, barrier name: Checkpointer:finalize.checkpoint_418500
[2024-11-20 18:29:16,527][absl][INFO] - Removing checkpoint at /data/tsoyda/RPG/master_thesis_taylan_soydan/event-ssm/outputs/2024-11-20-11-58-09/checkpoints/checkpoint_414000
[2024-11-20 18:58:12,523][absl][INFO] - Restoring orbax checkpoint from outputs/2024-11-20-11-58-09/checkpoints/checkpoint_418500
[2024-11-20 18:58:12,540][absl][INFO] - Restoring item from outputs/2024-11-20-11-58-09/checkpoints/checkpoint_418500.
[2024-11-20 18:58:12,980][absl][WARNING] - The transformations API will eventually be replaced by an upgraded design. The current API will not be removed until this point, but it will no longer be actively worked on.
[2024-11-20 18:58:12,988][absl][INFO] - Finished restoring checkpoint from outputs/2024-11-20-11-58-09/checkpoints/checkpoint_418500.
[2024-11-20 18:58:12,988][absl][INFO] - Skipping global process sync, barrier name: Checkpointer:restore.checkpoint_418500
