[2024-09-26 14:20:47,829][jax._src.xla_bridge][INFO] - Unable to initialize backend 'rocm': module 'jaxlib.xla_extension' has no attribute 'GpuAllocatorConfig'
[2024-09-26 14:20:47,829][jax._src.xla_bridge][INFO] - Unable to initialize backend 'tpu': INTERNAL: Failed to open libtpu.so: libtpu.so: cannot open shared object file: No such file or directory
[2024-09-26 14:21:15,872][absl][INFO] - Saving checkpoint at step: 30
[2024-09-26 14:21:15,873][absl][INFO] - Using Orbax as backend to save Flax checkpoints. For potential troubleshooting see: https://flax.readthedocs.io/en/latest/guides/training_techniques/use_checkpointing.html#orbax-as-backend-troubleshooting
[2024-09-26 14:21:15,873][absl][WARNING] - SaveArgs.aggregate is deprecated, please use custom TypeHandler (https://orbax.readthedocs.io/en/latest/custom_handlers.html#typehandler) or contact Orbax team to migrate before August 1st, 2024.
[2024-09-26 14:21:15,874][absl][INFO] - Saving checkpoint to /data/tsoyda/RPG/master_thesis_taylan_soydan/event-ssm/outputs/2024-09-26-14-20-47/checkpoints/checkpoint_30.
[2024-09-26 14:21:15,875][absl][INFO] - Skipping global process sync, barrier name: create_tmp_directory:pre.checkpoint_30
[2024-09-26 14:21:15,875][absl][INFO] - Failed to get flag value for EXPERIMENTAL_ORBAX_USE_DISTRIBUTED_PROCESS_ID.
[2024-09-26 14:21:15,876][absl][INFO] - Wrote CheckpointMetadata=CheckpointMetadata(init_timestamp_nsecs=1727353275875998537, commit_timestamp_nsecs=None), json={"init_timestamp_nsecs": 1727353275875998537, "commit_timestamp_nsecs": null} to /data/tsoyda/RPG/master_thesis_taylan_soydan/event-ssm/outputs/2024-09-26-14-20-47/checkpoints/checkpoint_30.orbax-checkpoint-tmp-0
[2024-09-26 14:21:15,876][absl][INFO] - Skipping global process sync, barrier name: create_tmp_directory:post.checkpoint_30
[2024-09-26 14:21:15,910][absl][INFO] - Skipping global process sync, barrier name: Checkpointer:save.checkpoint_30
[2024-09-26 14:21:15,917][absl][INFO] - Renaming /data/tsoyda/RPG/master_thesis_taylan_soydan/event-ssm/outputs/2024-09-26-14-20-47/checkpoints/checkpoint_30.orbax-checkpoint-tmp-0 to /data/tsoyda/RPG/master_thesis_taylan_soydan/event-ssm/outputs/2024-09-26-14-20-47/checkpoints/checkpoint_30
[2024-09-26 14:21:15,918][absl][INFO] - Read CheckpointMetadata=CheckpointMetadata(init_timestamp_nsecs=1727353275875998537, commit_timestamp_nsecs=None) from /data/tsoyda/RPG/master_thesis_taylan_soydan/event-ssm/outputs/2024-09-26-14-20-47/checkpoints/checkpoint_30
[2024-09-26 14:21:15,928][absl][INFO] - Updated CheckpointMetadata=CheckpointMetadata(init_timestamp_nsecs=1727353275875998537, commit_timestamp_nsecs=1727353275918296566) to /data/tsoyda/RPG/master_thesis_taylan_soydan/event-ssm/outputs/2024-09-26-14-20-47/checkpoints/checkpoint_30
[2024-09-26 14:21:15,928][absl][INFO] - Finished saving checkpoint to `/data/tsoyda/RPG/master_thesis_taylan_soydan/event-ssm/outputs/2024-09-26-14-20-47/checkpoints/checkpoint_30`.
[2024-09-26 14:21:15,928][absl][INFO] - Skipping global process sync, barrier name: Checkpointer:finalize.checkpoint_30
[2024-09-26 14:21:23,480][absl][INFO] - Saving checkpoint at step: 90
[2024-09-26 14:21:23,481][absl][INFO] - Using Orbax as backend to save Flax checkpoints. For potential troubleshooting see: https://flax.readthedocs.io/en/latest/guides/training_techniques/use_checkpointing.html#orbax-as-backend-troubleshooting
[2024-09-26 14:21:23,482][absl][INFO] - Saving checkpoint to /data/tsoyda/RPG/master_thesis_taylan_soydan/event-ssm/outputs/2024-09-26-14-20-47/checkpoints/checkpoint_90.
[2024-09-26 14:21:23,483][absl][INFO] - Skipping global process sync, barrier name: create_tmp_directory:pre.checkpoint_90
[2024-09-26 14:21:23,484][absl][INFO] - Skipping global process sync, barrier name: create_tmp_directory:post.checkpoint_90
[2024-09-26 14:21:23,521][absl][INFO] - Skipping global process sync, barrier name: Checkpointer:save.checkpoint_90
[2024-09-26 14:21:23,527][absl][INFO] - Renaming /data/tsoyda/RPG/master_thesis_taylan_soydan/event-ssm/outputs/2024-09-26-14-20-47/checkpoints/checkpoint_90.orbax-checkpoint-tmp-1 to /data/tsoyda/RPG/master_thesis_taylan_soydan/event-ssm/outputs/2024-09-26-14-20-47/checkpoints/checkpoint_90
[2024-09-26 14:21:23,537][absl][INFO] - Finished saving checkpoint to `/data/tsoyda/RPG/master_thesis_taylan_soydan/event-ssm/outputs/2024-09-26-14-20-47/checkpoints/checkpoint_90`.
[2024-09-26 14:21:23,538][absl][INFO] - Skipping global process sync, barrier name: Checkpointer:finalize.checkpoint_90
[2024-09-26 14:21:23,538][absl][INFO] - Removing checkpoint at /data/tsoyda/RPG/master_thesis_taylan_soydan/event-ssm/outputs/2024-09-26-14-20-47/checkpoints/checkpoint_30
[2024-09-26 14:21:31,437][absl][INFO] - Saving checkpoint at step: 150
[2024-09-26 14:21:31,437][absl][INFO] - Using Orbax as backend to save Flax checkpoints. For potential troubleshooting see: https://flax.readthedocs.io/en/latest/guides/training_techniques/use_checkpointing.html#orbax-as-backend-troubleshooting
[2024-09-26 14:21:31,439][absl][INFO] - Saving checkpoint to /data/tsoyda/RPG/master_thesis_taylan_soydan/event-ssm/outputs/2024-09-26-14-20-47/checkpoints/checkpoint_150.
[2024-09-26 14:21:31,439][absl][INFO] - Skipping global process sync, barrier name: create_tmp_directory:pre.checkpoint_150
[2024-09-26 14:21:31,440][absl][INFO] - Skipping global process sync, barrier name: create_tmp_directory:post.checkpoint_150
[2024-09-26 14:21:31,479][absl][INFO] - Skipping global process sync, barrier name: Checkpointer:save.checkpoint_150
[2024-09-26 14:21:31,486][absl][INFO] - Renaming /data/tsoyda/RPG/master_thesis_taylan_soydan/event-ssm/outputs/2024-09-26-14-20-47/checkpoints/checkpoint_150.orbax-checkpoint-tmp-2 to /data/tsoyda/RPG/master_thesis_taylan_soydan/event-ssm/outputs/2024-09-26-14-20-47/checkpoints/checkpoint_150
[2024-09-26 14:21:31,496][absl][INFO] - Finished saving checkpoint to `/data/tsoyda/RPG/master_thesis_taylan_soydan/event-ssm/outputs/2024-09-26-14-20-47/checkpoints/checkpoint_150`.
[2024-09-26 14:21:31,496][absl][INFO] - Skipping global process sync, barrier name: Checkpointer:finalize.checkpoint_150
[2024-09-26 14:21:31,497][absl][INFO] - Removing checkpoint at /data/tsoyda/RPG/master_thesis_taylan_soydan/event-ssm/outputs/2024-09-26-14-20-47/checkpoints/checkpoint_90
[2024-09-26 14:23:56,253][absl][INFO] - Saving checkpoint at step: 1290
[2024-09-26 14:23:56,254][absl][INFO] - Using Orbax as backend to save Flax checkpoints. For potential troubleshooting see: https://flax.readthedocs.io/en/latest/guides/training_techniques/use_checkpointing.html#orbax-as-backend-troubleshooting
[2024-09-26 14:23:56,255][absl][INFO] - Saving checkpoint to /data/tsoyda/RPG/master_thesis_taylan_soydan/event-ssm/outputs/2024-09-26-14-20-47/checkpoints/checkpoint_1290.
[2024-09-26 14:23:56,255][absl][INFO] - Skipping global process sync, barrier name: create_tmp_directory:pre.checkpoint_1290
[2024-09-26 14:23:56,255][absl][INFO] - Failed to get flag value for EXPERIMENTAL_ORBAX_USE_DISTRIBUTED_PROCESS_ID.
[2024-09-26 14:23:56,256][absl][INFO] - Skipping global process sync, barrier name: create_tmp_directory:post.checkpoint_1290
[2024-09-26 14:23:56,291][absl][INFO] - Skipping global process sync, barrier name: Checkpointer:save.checkpoint_1290
[2024-09-26 14:23:56,295][absl][INFO] - Renaming /data/tsoyda/RPG/master_thesis_taylan_soydan/event-ssm/outputs/2024-09-26-14-20-47/checkpoints/checkpoint_1290.orbax-checkpoint-tmp-3 to /data/tsoyda/RPG/master_thesis_taylan_soydan/event-ssm/outputs/2024-09-26-14-20-47/checkpoints/checkpoint_1290
[2024-09-26 14:23:56,302][absl][INFO] - Finished saving checkpoint to `/data/tsoyda/RPG/master_thesis_taylan_soydan/event-ssm/outputs/2024-09-26-14-20-47/checkpoints/checkpoint_1290`.
[2024-09-26 14:23:56,303][absl][INFO] - Skipping global process sync, barrier name: Checkpointer:finalize.checkpoint_1290
[2024-09-26 14:23:56,303][absl][INFO] - Removing checkpoint at /data/tsoyda/RPG/master_thesis_taylan_soydan/event-ssm/outputs/2024-09-26-14-20-47/checkpoints/checkpoint_150
[2024-09-26 14:25:43,394][absl][INFO] - Saving checkpoint at step: 2130
[2024-09-26 14:25:43,395][absl][INFO] - Using Orbax as backend to save Flax checkpoints. For potential troubleshooting see: https://flax.readthedocs.io/en/latest/guides/training_techniques/use_checkpointing.html#orbax-as-backend-troubleshooting
[2024-09-26 14:25:43,396][absl][INFO] - Saving checkpoint to /data/tsoyda/RPG/master_thesis_taylan_soydan/event-ssm/outputs/2024-09-26-14-20-47/checkpoints/checkpoint_2130.
[2024-09-26 14:25:43,396][absl][INFO] - Skipping global process sync, barrier name: create_tmp_directory:pre.checkpoint_2130
[2024-09-26 14:25:43,398][absl][INFO] - Skipping global process sync, barrier name: create_tmp_directory:post.checkpoint_2130
[2024-09-26 14:25:43,432][absl][INFO] - Skipping global process sync, barrier name: Checkpointer:save.checkpoint_2130
[2024-09-26 14:25:43,437][absl][INFO] - Renaming /data/tsoyda/RPG/master_thesis_taylan_soydan/event-ssm/outputs/2024-09-26-14-20-47/checkpoints/checkpoint_2130.orbax-checkpoint-tmp-4 to /data/tsoyda/RPG/master_thesis_taylan_soydan/event-ssm/outputs/2024-09-26-14-20-47/checkpoints/checkpoint_2130
[2024-09-26 14:25:43,447][absl][INFO] - Finished saving checkpoint to `/data/tsoyda/RPG/master_thesis_taylan_soydan/event-ssm/outputs/2024-09-26-14-20-47/checkpoints/checkpoint_2130`.
[2024-09-26 14:25:43,447][absl][INFO] - Skipping global process sync, barrier name: Checkpointer:finalize.checkpoint_2130
[2024-09-26 14:25:43,448][absl][INFO] - Removing checkpoint at /data/tsoyda/RPG/master_thesis_taylan_soydan/event-ssm/outputs/2024-09-26-14-20-47/checkpoints/checkpoint_1290
[2024-09-26 14:29:03,341][absl][INFO] - Saving checkpoint at step: 3690
[2024-09-26 14:29:03,341][absl][INFO] - Using Orbax as backend to save Flax checkpoints. For potential troubleshooting see: https://flax.readthedocs.io/en/latest/guides/training_techniques/use_checkpointing.html#orbax-as-backend-troubleshooting
[2024-09-26 14:29:03,342][absl][INFO] - Saving checkpoint to /data/tsoyda/RPG/master_thesis_taylan_soydan/event-ssm/outputs/2024-09-26-14-20-47/checkpoints/checkpoint_3690.
[2024-09-26 14:29:03,343][absl][INFO] - Skipping global process sync, barrier name: create_tmp_directory:pre.checkpoint_3690
[2024-09-26 14:29:03,343][absl][INFO] - Failed to get flag value for EXPERIMENTAL_ORBAX_USE_DISTRIBUTED_PROCESS_ID.
[2024-09-26 14:29:03,344][absl][INFO] - Skipping global process sync, barrier name: create_tmp_directory:post.checkpoint_3690
[2024-09-26 14:29:03,448][absl][INFO] - Skipping global process sync, barrier name: Checkpointer:save.checkpoint_3690
[2024-09-26 14:29:03,450][absl][INFO] - Renaming /data/tsoyda/RPG/master_thesis_taylan_soydan/event-ssm/outputs/2024-09-26-14-20-47/checkpoints/checkpoint_3690.orbax-checkpoint-tmp-5 to /data/tsoyda/RPG/master_thesis_taylan_soydan/event-ssm/outputs/2024-09-26-14-20-47/checkpoints/checkpoint_3690
[2024-09-26 14:29:03,460][absl][INFO] - Finished saving checkpoint to `/data/tsoyda/RPG/master_thesis_taylan_soydan/event-ssm/outputs/2024-09-26-14-20-47/checkpoints/checkpoint_3690`.
[2024-09-26 14:29:03,460][absl][INFO] - Skipping global process sync, barrier name: Checkpointer:finalize.checkpoint_3690
[2024-09-26 14:29:03,461][absl][INFO] - Removing checkpoint at /data/tsoyda/RPG/master_thesis_taylan_soydan/event-ssm/outputs/2024-09-26-14-20-47/checkpoints/checkpoint_2130
[2024-09-26 14:30:59,452][absl][INFO] - Saving checkpoint at step: 4590
[2024-09-26 14:30:59,453][absl][INFO] - Using Orbax as backend to save Flax checkpoints. For potential troubleshooting see: https://flax.readthedocs.io/en/latest/guides/training_techniques/use_checkpointing.html#orbax-as-backend-troubleshooting
[2024-09-26 14:30:59,454][absl][INFO] - Saving checkpoint to /data/tsoyda/RPG/master_thesis_taylan_soydan/event-ssm/outputs/2024-09-26-14-20-47/checkpoints/checkpoint_4590.
[2024-09-26 14:30:59,455][absl][INFO] - Skipping global process sync, barrier name: create_tmp_directory:pre.checkpoint_4590
[2024-09-26 14:30:59,456][absl][INFO] - Skipping global process sync, barrier name: create_tmp_directory:post.checkpoint_4590
[2024-09-26 14:30:59,515][absl][INFO] - Skipping global process sync, barrier name: Checkpointer:save.checkpoint_4590
[2024-09-26 14:30:59,517][absl][INFO] - Renaming /data/tsoyda/RPG/master_thesis_taylan_soydan/event-ssm/outputs/2024-09-26-14-20-47/checkpoints/checkpoint_4590.orbax-checkpoint-tmp-6 to /data/tsoyda/RPG/master_thesis_taylan_soydan/event-ssm/outputs/2024-09-26-14-20-47/checkpoints/checkpoint_4590
[2024-09-26 14:30:59,525][absl][INFO] - Finished saving checkpoint to `/data/tsoyda/RPG/master_thesis_taylan_soydan/event-ssm/outputs/2024-09-26-14-20-47/checkpoints/checkpoint_4590`.
[2024-09-26 14:30:59,526][absl][INFO] - Skipping global process sync, barrier name: Checkpointer:finalize.checkpoint_4590
[2024-09-26 14:30:59,526][absl][INFO] - Removing checkpoint at /data/tsoyda/RPG/master_thesis_taylan_soydan/event-ssm/outputs/2024-09-26-14-20-47/checkpoints/checkpoint_3690
[2024-09-26 14:31:34,353][absl][INFO] - Saving checkpoint at step: 4860
[2024-09-26 14:31:34,354][absl][INFO] - Using Orbax as backend to save Flax checkpoints. For potential troubleshooting see: https://flax.readthedocs.io/en/latest/guides/training_techniques/use_checkpointing.html#orbax-as-backend-troubleshooting
[2024-09-26 14:31:34,355][absl][INFO] - Saving checkpoint to /data/tsoyda/RPG/master_thesis_taylan_soydan/event-ssm/outputs/2024-09-26-14-20-47/checkpoints/checkpoint_4860.
[2024-09-26 14:31:34,355][absl][INFO] - Skipping global process sync, barrier name: create_tmp_directory:pre.checkpoint_4860
[2024-09-26 14:31:34,356][absl][INFO] - Failed to get flag value for EXPERIMENTAL_ORBAX_USE_DISTRIBUTED_PROCESS_ID.
[2024-09-26 14:31:34,357][absl][INFO] - Skipping global process sync, barrier name: create_tmp_directory:post.checkpoint_4860
[2024-09-26 14:31:34,391][absl][INFO] - Skipping global process sync, barrier name: Checkpointer:save.checkpoint_4860
[2024-09-26 14:31:34,394][absl][INFO] - Renaming /data/tsoyda/RPG/master_thesis_taylan_soydan/event-ssm/outputs/2024-09-26-14-20-47/checkpoints/checkpoint_4860.orbax-checkpoint-tmp-7 to /data/tsoyda/RPG/master_thesis_taylan_soydan/event-ssm/outputs/2024-09-26-14-20-47/checkpoints/checkpoint_4860
[2024-09-26 14:31:34,399][absl][INFO] - Finished saving checkpoint to `/data/tsoyda/RPG/master_thesis_taylan_soydan/event-ssm/outputs/2024-09-26-14-20-47/checkpoints/checkpoint_4860`.
[2024-09-26 14:31:34,399][absl][INFO] - Skipping global process sync, barrier name: Checkpointer:finalize.checkpoint_4860
[2024-09-26 14:31:34,400][absl][INFO] - Removing checkpoint at /data/tsoyda/RPG/master_thesis_taylan_soydan/event-ssm/outputs/2024-09-26-14-20-47/checkpoints/checkpoint_4590
[2024-09-26 14:32:54,894][absl][INFO] - Saving checkpoint at step: 5490
[2024-09-26 14:32:54,894][absl][INFO] - Using Orbax as backend to save Flax checkpoints. For potential troubleshooting see: https://flax.readthedocs.io/en/latest/guides/training_techniques/use_checkpointing.html#orbax-as-backend-troubleshooting
[2024-09-26 14:32:54,896][absl][INFO] - Saving checkpoint to /data/tsoyda/RPG/master_thesis_taylan_soydan/event-ssm/outputs/2024-09-26-14-20-47/checkpoints/checkpoint_5490.
[2024-09-26 14:32:54,896][absl][INFO] - Skipping global process sync, barrier name: create_tmp_directory:pre.checkpoint_5490
[2024-09-26 14:32:54,897][absl][INFO] - Skipping global process sync, barrier name: create_tmp_directory:post.checkpoint_5490
[2024-09-26 14:32:54,927][absl][INFO] - Skipping global process sync, barrier name: Checkpointer:save.checkpoint_5490
[2024-09-26 14:32:54,931][absl][INFO] - Renaming /data/tsoyda/RPG/master_thesis_taylan_soydan/event-ssm/outputs/2024-09-26-14-20-47/checkpoints/checkpoint_5490.orbax-checkpoint-tmp-8 to /data/tsoyda/RPG/master_thesis_taylan_soydan/event-ssm/outputs/2024-09-26-14-20-47/checkpoints/checkpoint_5490
[2024-09-26 14:32:54,937][absl][INFO] - Finished saving checkpoint to `/data/tsoyda/RPG/master_thesis_taylan_soydan/event-ssm/outputs/2024-09-26-14-20-47/checkpoints/checkpoint_5490`.
[2024-09-26 14:32:54,937][absl][INFO] - Skipping global process sync, barrier name: Checkpointer:finalize.checkpoint_5490
[2024-09-26 14:32:54,938][absl][INFO] - Removing checkpoint at /data/tsoyda/RPG/master_thesis_taylan_soydan/event-ssm/outputs/2024-09-26-14-20-47/checkpoints/checkpoint_4860
[2024-09-26 15:28:47,326][absl][INFO] - Saving checkpoint at step: 31170
[2024-09-26 15:28:47,327][absl][INFO] - Using Orbax as backend to save Flax checkpoints. For potential troubleshooting see: https://flax.readthedocs.io/en/latest/guides/training_techniques/use_checkpointing.html#orbax-as-backend-troubleshooting
[2024-09-26 15:28:47,328][absl][INFO] - Saving checkpoint to /data/tsoyda/RPG/master_thesis_taylan_soydan/event-ssm/outputs/2024-09-26-14-20-47/checkpoints/checkpoint_31170.
[2024-09-26 15:28:47,329][absl][INFO] - Skipping global process sync, barrier name: create_tmp_directory:pre.checkpoint_31170
[2024-09-26 15:28:47,329][absl][INFO] - Failed to get flag value for EXPERIMENTAL_ORBAX_USE_DISTRIBUTED_PROCESS_ID.
[2024-09-26 15:28:47,330][absl][INFO] - Skipping global process sync, barrier name: create_tmp_directory:post.checkpoint_31170
[2024-09-26 15:28:47,364][absl][INFO] - Skipping global process sync, barrier name: Checkpointer:save.checkpoint_31170
[2024-09-26 15:28:47,367][absl][INFO] - Renaming /data/tsoyda/RPG/master_thesis_taylan_soydan/event-ssm/outputs/2024-09-26-14-20-47/checkpoints/checkpoint_31170.orbax-checkpoint-tmp-9 to /data/tsoyda/RPG/master_thesis_taylan_soydan/event-ssm/outputs/2024-09-26-14-20-47/checkpoints/checkpoint_31170
[2024-09-26 15:28:47,372][absl][INFO] - Finished saving checkpoint to `/data/tsoyda/RPG/master_thesis_taylan_soydan/event-ssm/outputs/2024-09-26-14-20-47/checkpoints/checkpoint_31170`.
[2024-09-26 15:28:47,373][absl][INFO] - Skipping global process sync, barrier name: Checkpointer:finalize.checkpoint_31170
[2024-09-26 15:28:47,377][absl][INFO] - Removing checkpoint at /data/tsoyda/RPG/master_thesis_taylan_soydan/event-ssm/outputs/2024-09-26-14-20-47/checkpoints/checkpoint_5490
[2024-09-26 16:05:27,139][absl][INFO] - Restoring orbax checkpoint from outputs/2024-09-26-14-20-47/checkpoints/checkpoint_31170
[2024-09-26 16:05:27,144][absl][INFO] - Restoring item from outputs/2024-09-26-14-20-47/checkpoints/checkpoint_31170.
[2024-09-26 16:05:27,175][absl][WARNING] - The transformations API will eventually be replaced by an upgraded design. The current API will not be removed until this point, but it will no longer be actively worked on.
[2024-09-26 16:05:27,178][absl][INFO] - Finished restoring checkpoint from outputs/2024-09-26-14-20-47/checkpoints/checkpoint_31170.
[2024-09-26 16:05:27,178][absl][INFO] - Skipping global process sync, barrier name: Checkpointer:restore.checkpoint_31170
